{"uuid": "e353f2f2-1a56-4416-8f7d-a1d8805dd7b0", "children": ["8d803262-c243-4290-9dad-f6cc86b858eb"], "befores": [{"name": "login", "status": "broken", "statusDetails": {"message": "selenium.common.exceptions.TimeoutException: Message: \nStacktrace:\n\tGetHandleVerifier [0x00007FF717151F22+60322]\n\t(No symbol) [0x00007FF7170CCE99]\n\t(No symbol) [0x00007FF716F87EBA]\n\t(No symbol) [0x00007FF716FD7676]\n\t(No symbol) [0x00007FF716FD773C]\n\t(No symbol) [0x00007FF71701E967]\n\t(No symbol) [0x00007FF716FFC25F]\n\t(No symbol) [0x00007FF71701BC80]\n\t(No symbol) [0x00007FF716FFBFC3]\n\t(No symbol) [0x00007FF716FC9617]\n\t(No symbol) [0x00007FF716FCA211]\n\tGetHandleVerifier [0x00007FF71746946D+3301613]\n\tGetHandleVerifier [0x00007FF7174B3693+3605267]\n\tGetHandleVerifier [0x00007FF7174A9410+3563664]\n\tGetHandleVerifier [0x00007FF7172042F6+790390]\n\t(No symbol) [0x00007FF7170D74DF]\n\t(No symbol) [0x00007FF7170D33D4]\n\t(No symbol) [0x00007FF7170D3562]\n\t(No symbol) [0x00007FF7170C2F6F]\n\tBaseThreadInitThunk [0x00007FFEF0B57374+20]\n\tRtlUserThreadStart [0x00007FFEF1F5CC91+33]\n\n", "trace": "  File \"C:\\Users\\mvideo\\PycharmProjects\\Diplom\\Diplom_3\\venv\\Lib\\site-packages\\pluggy\\_callers.py\", line 167, in _multicall\n    teardown.throw(outcome._exception)\n  File \"C:\\Users\\mvideo\\PycharmProjects\\Diplom\\Diplom_3\\venv\\Lib\\site-packages\\_pytest\\setuponly.py\", line 36, in pytest_fixture_setup\n    return (yield)\n            ^^^^^\n  File \"C:\\Users\\mvideo\\PycharmProjects\\Diplom\\Diplom_3\\venv\\Lib\\site-packages\\pluggy\\_callers.py\", line 103, in _multicall\n    res = hook_impl.function(*args)\n          ^^^^^^^^^^^^^^^^^^^^^^^^^\n  File \"C:\\Users\\mvideo\\PycharmProjects\\Diplom\\Diplom_3\\venv\\Lib\\site-packages\\_pytest\\fixtures.py\", line 1139, in pytest_fixture_setup\n    result = call_fixture_func(fixturefunc, request, kwargs)\n             ^^^^^^^^^^^^^^^^^^^^^^^^^^^^^^^^^^^^^^^^^^^^^^^\n  File \"C:\\Users\\mvideo\\PycharmProjects\\Diplom\\Diplom_3\\venv\\Lib\\site-packages\\_pytest\\fixtures.py\", line 897, in call_fixture_func\n    fixture_result = fixturefunc(**kwargs)\n                     ^^^^^^^^^^^^^^^^^^^^^\n  File \"C:\\Users\\mvideo\\PycharmProjects\\Diplom\\Diplom_3\\conftest.py\", line 23, in login\n    personal_account_page.input_email(email)\n  File \"C:\\Users\\mvideo\\PycharmProjects\\Diplom\\Diplom_3\\venv\\Lib\\site-packages\\allure_commons\\_allure.py\", line 192, in impl\n    return func(*a, **kw)\n           ^^^^^^^^^^^^^^\n  File \"C:\\Users\\mvideo\\PycharmProjects\\Diplom\\Diplom_3\\pages\\personal_account_page.py\", line 15, in input_email\n    self.add_text_to_element(PersonalAccountLocators.FIELD_EMAIL, email)\n  File \"C:\\Users\\mvideo\\PycharmProjects\\Diplom\\Diplom_3\\pages\\base_page.py\", line 27, in add_text_to_element\n    self.find_element_with_wait(locator).send_keys(text)\n    ^^^^^^^^^^^^^^^^^^^^^^^^^^^^^^^^^^^^\n  File \"C:\\Users\\mvideo\\PycharmProjects\\Diplom\\Diplom_3\\pages\\base_page.py\", line 15, in find_element_with_wait\n    return WebDriverWait(self.driver, 10).until(expected_conditions.visibility_of_element_located(locator))\n           ^^^^^^^^^^^^^^^^^^^^^^^^^^^^^^^^^^^^^^^^^^^^^^^^^^^^^^^^^^^^^^^^^^^^^^^^^^^^^^^^^^^^^^^^^^^^^^^^\n  File \"C:\\Users\\mvideo\\PycharmProjects\\Diplom\\Diplom_3\\venv\\Lib\\site-packages\\selenium\\webdriver\\support\\wait.py\", line 105, in until\n    raise TimeoutException(message, screen, stacktrace)\n"}, "steps": [{"name": "Нажать на кнопку \"Личный кабинет\"", "status": "passed", "start": 1721834626176, "stop": 1721834626614}, {"name": "Ввести почту", "status": "broken", "statusDetails": {"message": "selenium.common.exceptions.TimeoutException: Message: \nStacktrace:\n\tGetHandleVerifier [0x00007FF717151F22+60322]\n\t(No symbol) [0x00007FF7170CCE99]\n\t(No symbol) [0x00007FF716F87EBA]\n\t(No symbol) [0x00007FF716FD7676]\n\t(No symbol) [0x00007FF716FD773C]\n\t(No symbol) [0x00007FF71701E967]\n\t(No symbol) [0x00007FF716FFC25F]\n\t(No symbol) [0x00007FF71701BC80]\n\t(No symbol) [0x00007FF716FFBFC3]\n\t(No symbol) [0x00007FF716FC9617]\n\t(No symbol) [0x00007FF716FCA211]\n\tGetHandleVerifier [0x00007FF71746946D+3301613]\n\tGetHandleVerifier [0x00007FF7174B3693+3605267]\n\tGetHandleVerifier [0x00007FF7174A9410+3563664]\n\tGetHandleVerifier [0x00007FF7172042F6+790390]\n\t(No symbol) [0x00007FF7170D74DF]\n\t(No symbol) [0x00007FF7170D33D4]\n\t(No symbol) [0x00007FF7170D3562]\n\t(No symbol) [0x00007FF7170C2F6F]\n\tBaseThreadInitThunk [0x00007FFEF0B57374+20]\n\tRtlUserThreadStart [0x00007FFEF1F5CC91+33]\n\n", "trace": "  File \"C:\\Users\\mvideo\\PycharmProjects\\Diplom\\Diplom_3\\venv\\Lib\\site-packages\\allure_commons\\_allure.py\", line 192, in impl\n    return func(*a, **kw)\n           ^^^^^^^^^^^^^^\n  File \"C:\\Users\\mvideo\\PycharmProjects\\Diplom\\Diplom_3\\pages\\personal_account_page.py\", line 15, in input_email\n    self.add_text_to_element(PersonalAccountLocators.FIELD_EMAIL, email)\n  File \"C:\\Users\\mvideo\\PycharmProjects\\Diplom\\Diplom_3\\pages\\base_page.py\", line 27, in add_text_to_element\n    self.find_element_with_wait(locator).send_keys(text)\n    ^^^^^^^^^^^^^^^^^^^^^^^^^^^^^^^^^^^^\n  File \"C:\\Users\\mvideo\\PycharmProjects\\Diplom\\Diplom_3\\pages\\base_page.py\", line 15, in find_element_with_wait\n    return WebDriverWait(self.driver, 10).until(expected_conditions.visibility_of_element_located(locator))\n           ^^^^^^^^^^^^^^^^^^^^^^^^^^^^^^^^^^^^^^^^^^^^^^^^^^^^^^^^^^^^^^^^^^^^^^^^^^^^^^^^^^^^^^^^^^^^^^^^\n  File \"C:\\Users\\mvideo\\PycharmProjects\\Diplom\\Diplom_3\\venv\\Lib\\site-packages\\selenium\\webdriver\\support\\wait.py\", line 105, in until\n    raise TimeoutException(message, screen, stacktrace)\n"}, "parameters": [{"name": "email", "value": "'zho1goleva_6811823@ya.ru'"}], "start": 1721834626614, "stop": 1721834636970}], "start": 1721834625472, "stop": 1721834636979}], "start": 1721834625472, "stop": 1721834637452}