{"uuid": "59f2d93a-ef47-4db8-b9cb-e99982be3ddd", "children": ["e009177b-4183-471a-9c65-d0b0cf13a371"], "befores": [{"name": "login", "status": "broken", "statusDetails": {"message": "selenium.common.exceptions.TimeoutException: Message: \nStacktrace:\n\tGetHandleVerifier [0x00007FF7211C1F22+60322]\n\t(No symbol) [0x00007FF72113CE99]\n\t(No symbol) [0x00007FF720FF7EBA]\n\t(No symbol) [0x00007FF721047676]\n\t(No symbol) [0x00007FF72104773C]\n\t(No symbol) [0x00007FF72108E967]\n\t(No symbol) [0x00007FF72106C25F]\n\t(No symbol) [0x00007FF72108BC80]\n\t(No symbol) [0x00007FF72106BFC3]\n\t(No symbol) [0x00007FF721039617]\n\t(No symbol) [0x00007FF72103A211]\n\tGetHandleVerifier [0x00007FF7214D946D+3301613]\n\tGetHandleVerifier [0x00007FF721523693+3605267]\n\tGetHandleVerifier [0x00007FF721519410+3563664]\n\tGetHandleVerifier [0x00007FF7212742F6+790390]\n\t(No symbol) [0x00007FF7211474DF]\n\t(No symbol) [0x00007FF7211433D4]\n\t(No symbol) [0x00007FF721143562]\n\t(No symbol) [0x00007FF721132F6F]\n\tBaseThreadInitThunk [0x00007FFEF0B57374+20]\n\tRtlUserThreadStart [0x00007FFEF1F5CC91+33]\n\n", "trace": "  File \"C:\\Users\\mvideo\\PycharmProjects\\Diplom\\Diplom_3\\venv\\Lib\\site-packages\\pluggy\\_callers.py\", line 167, in _multicall\n    teardown.throw(outcome._exception)\n  File \"C:\\Users\\mvideo\\PycharmProjects\\Diplom\\Diplom_3\\venv\\Lib\\site-packages\\_pytest\\setuponly.py\", line 36, in pytest_fixture_setup\n    return (yield)\n            ^^^^^\n  File \"C:\\Users\\mvideo\\PycharmProjects\\Diplom\\Diplom_3\\venv\\Lib\\site-packages\\pluggy\\_callers.py\", line 103, in _multicall\n    res = hook_impl.function(*args)\n          ^^^^^^^^^^^^^^^^^^^^^^^^^\n  File \"C:\\Users\\mvideo\\PycharmProjects\\Diplom\\Diplom_3\\venv\\Lib\\site-packages\\_pytest\\fixtures.py\", line 1139, in pytest_fixture_setup\n    result = call_fixture_func(fixturefunc, request, kwargs)\n             ^^^^^^^^^^^^^^^^^^^^^^^^^^^^^^^^^^^^^^^^^^^^^^^\n  File \"C:\\Users\\mvideo\\PycharmProjects\\Diplom\\Diplom_3\\venv\\Lib\\site-packages\\_pytest\\fixtures.py\", line 897, in call_fixture_func\n    fixture_result = fixturefunc(**kwargs)\n                     ^^^^^^^^^^^^^^^^^^^^^\n  File \"C:\\Users\\mvideo\\PycharmProjects\\Diplom\\Diplom_3\\conftest.py\", line 23, in login\n    personal_account_page.input_email(email)\n  File \"C:\\Users\\mvideo\\PycharmProjects\\Diplom\\Diplom_3\\venv\\Lib\\site-packages\\allure_commons\\_allure.py\", line 192, in impl\n    return func(*a, **kw)\n           ^^^^^^^^^^^^^^\n  File \"C:\\Users\\mvideo\\PycharmProjects\\Diplom\\Diplom_3\\pages\\personal_account_page.py\", line 15, in input_email\n    self.add_text_to_element(PersonalAccountLocators.FIELD_EMAIL, email)\n  File \"C:\\Users\\mvideo\\PycharmProjects\\Diplom\\Diplom_3\\pages\\base_page.py\", line 27, in add_text_to_element\n    self.find_element_with_wait(locator).send_keys(text)\n    ^^^^^^^^^^^^^^^^^^^^^^^^^^^^^^^^^^^^\n  File \"C:\\Users\\mvideo\\PycharmProjects\\Diplom\\Diplom_3\\pages\\base_page.py\", line 15, in find_element_with_wait\n    return WebDriverWait(self.driver, 10).until(expected_conditions.visibility_of_element_located(locator))\n           ^^^^^^^^^^^^^^^^^^^^^^^^^^^^^^^^^^^^^^^^^^^^^^^^^^^^^^^^^^^^^^^^^^^^^^^^^^^^^^^^^^^^^^^^^^^^^^^^\n  File \"C:\\Users\\mvideo\\PycharmProjects\\Diplom\\Diplom_3\\venv\\Lib\\site-packages\\selenium\\webdriver\\support\\wait.py\", line 105, in until\n    raise TimeoutException(message, screen, stacktrace)\n"}, "steps": [{"name": "Нажать на кнопку \"Личный кабинет\"", "status": "passed", "start": 1721922175687, "stop": 1721922176530}, {"name": "Ввести почту", "status": "broken", "statusDetails": {"message": "selenium.common.exceptions.TimeoutException: Message: \nStacktrace:\n\tGetHandleVerifier [0x00007FF7211C1F22+60322]\n\t(No symbol) [0x00007FF72113CE99]\n\t(No symbol) [0x00007FF720FF7EBA]\n\t(No symbol) [0x00007FF721047676]\n\t(No symbol) [0x00007FF72104773C]\n\t(No symbol) [0x00007FF72108E967]\n\t(No symbol) [0x00007FF72106C25F]\n\t(No symbol) [0x00007FF72108BC80]\n\t(No symbol) [0x00007FF72106BFC3]\n\t(No symbol) [0x00007FF721039617]\n\t(No symbol) [0x00007FF72103A211]\n\tGetHandleVerifier [0x00007FF7214D946D+3301613]\n\tGetHandleVerifier [0x00007FF721523693+3605267]\n\tGetHandleVerifier [0x00007FF721519410+3563664]\n\tGetHandleVerifier [0x00007FF7212742F6+790390]\n\t(No symbol) [0x00007FF7211474DF]\n\t(No symbol) [0x00007FF7211433D4]\n\t(No symbol) [0x00007FF721143562]\n\t(No symbol) [0x00007FF721132F6F]\n\tBaseThreadInitThunk [0x00007FFEF0B57374+20]\n\tRtlUserThreadStart [0x00007FFEF1F5CC91+33]\n\n", "trace": "  File \"C:\\Users\\mvideo\\PycharmProjects\\Diplom\\Diplom_3\\venv\\Lib\\site-packages\\allure_commons\\_allure.py\", line 192, in impl\n    return func(*a, **kw)\n           ^^^^^^^^^^^^^^\n  File \"C:\\Users\\mvideo\\PycharmProjects\\Diplom\\Diplom_3\\pages\\personal_account_page.py\", line 15, in input_email\n    self.add_text_to_element(PersonalAccountLocators.FIELD_EMAIL, email)\n  File \"C:\\Users\\mvideo\\PycharmProjects\\Diplom\\Diplom_3\\pages\\base_page.py\", line 27, in add_text_to_element\n    self.find_element_with_wait(locator).send_keys(text)\n    ^^^^^^^^^^^^^^^^^^^^^^^^^^^^^^^^^^^^\n  File \"C:\\Users\\mvideo\\PycharmProjects\\Diplom\\Diplom_3\\pages\\base_page.py\", line 15, in find_element_with_wait\n    return WebDriverWait(self.driver, 10).until(expected_conditions.visibility_of_element_located(locator))\n           ^^^^^^^^^^^^^^^^^^^^^^^^^^^^^^^^^^^^^^^^^^^^^^^^^^^^^^^^^^^^^^^^^^^^^^^^^^^^^^^^^^^^^^^^^^^^^^^^\n  File \"C:\\Users\\mvideo\\PycharmProjects\\Diplom\\Diplom_3\\venv\\Lib\\site-packages\\selenium\\webdriver\\support\\wait.py\", line 105, in until\n    raise TimeoutException(message, screen, stacktrace)\n"}, "parameters": [{"name": "email", "value": "'zho1goleva_6811823@ya.ru'"}], "start": 1721922176530, "stop": 1721922187521}], "start": 1721922174987, "stop": 1721922187633}], "start": 1721922174987, "stop": 1721922187774}