{"name": "Выход из аккаунта", "status": "broken", "statusDetails": {"message": "selenium.common.exceptions.TimeoutException: Message: \nStacktrace:\n\tGetHandleVerifier [0x00007FF763A59632+30946]\n\t(No symbol) [0x00007FF763A0E3C9]\n\t(No symbol) [0x00007FF763906FDA]\n\t(No symbol) [0x00007FF76395822C]\n\t(No symbol) [0x00007FF76395850C]\n\t(No symbol) [0x00007FF76399DCB7]\n\t(No symbol) [0x00007FF76397CAAF]\n\t(No symbol) [0x00007FF76399B041]\n\t(No symbol) [0x00007FF76397C813]\n\t(No symbol) [0x00007FF76394A6E5]\n\t(No symbol) [0x00007FF76394B021]\n\tGetHandleVerifier [0x00007FF763B8F83D+1301229]\n\tGetHandleVerifier [0x00007FF763B9BDB7+1351783]\n\tGetHandleVerifier [0x00007FF763B92A03+1313971]\n\tGetHandleVerifier [0x00007FF763A8DD06+245686]\n\t(No symbol) [0x00007FF763A1758F]\n\t(No symbol) [0x00007FF763A13804]\n\t(No symbol) [0x00007FF763A13992]\n\t(No symbol) [0x00007FF763A0A3EF]\n\tBaseThreadInitThunk [0x00007FFEF0B57374+20]\n\tRtlUserThreadStart [0x00007FFEF1F5CC91+33]", "trace": "self = <tests.test_personal_account.TestPersonalAccount object at 0x000002B8AF9086E0>, driver = <selenium.webdriver.chrome.webdriver.WebDriver (session=\"341d867e6daba4e216229d2273af7eed\")>\n\n    @allure.title('Выход из аккаунта') # я не понимаю почему, когда запускаешь полностью, этот тест не работает, потому что когда отдельно все работает\n    def test_logout_account(self, driver):\n        driver.get(Url.BASE_URL)\n        main_page = MainPage(driver)\n        personal_account_page = PersonalAccountPage(driver)\n        main_page.click_to_button_personal_account()\n>       personal_account_page.click_to_button_logout()\n\ntests\\test_personal_account.py:38: \n_ _ _ _ _ _ _ _ _ _ _ _ _ _ _ _ _ _ _ _ _ _ _ _ _ _ _ _ _ _ _ _ _ _ _ _ _ _ _ _ _ _ _ _ _ _ _ _ _ _ _ _ _ _ _ _ _ _ _ _ _ _ _ _ _ _ _ _ _ _ _ _ _ _ _ _ _ _ _ _ _ _ _ _ _ _ _ _ _ _ _ _ _ _ _ _\npages\\personal_account_page.py:38: in click_to_button_logout\n    self.click_to_element(PersonalAccountLocators.BUTTON_LOGOUT)\npages\\base_page.py:23: in click_to_element\n    self.find_element_with_wait(locator).click()\npages\\base_page.py:15: in find_element_with_wait\n    return WebDriverWait(self.driver, wait_time).until(expected_conditions.visibility_of_element_located(locator))\n_ _ _ _ _ _ _ _ _ _ _ _ _ _ _ _ _ _ _ _ _ _ _ _ _ _ _ _ _ _ _ _ _ _ _ _ _ _ _ _ _ _ _ _ _ _ _ _ _ _ _ _ _ _ _ _ _ _ _ _ _ _ _ _ _ _ _ _ _ _ _ _ _ _ _ _ _ _ _ _ _ _ _ _ _ _ _ _ _ _ _ _ _ _ _ _\n\nself = <selenium.webdriver.support.wait.WebDriverWait (session=\"341d867e6daba4e216229d2273af7eed\")>, method = <function visibility_of_element_located.<locals>._predicate at 0x000002B8AFDA2520>\nmessage = ''\n\n    def until(self, method: Callable[[D], Union[Literal[False], T]], message: str = \"\") -> T:\n        \"\"\"Calls the method provided with the driver as an argument until the \\\n        return value does not evaluate to ``False``.\n    \n        :param method: callable(WebDriver)\n        :param message: optional message for :exc:`TimeoutException`\n        :returns: the result of the last call to `method`\n        :raises: :exc:`selenium.common.exceptions.TimeoutException` if timeout occurs\n        \"\"\"\n        screen = None\n        stacktrace = None\n    \n        end_time = time.monotonic() + self._timeout\n        while True:\n            try:\n                value = method(self._driver)\n                if value:\n                    return value\n            except self._ignored_exceptions as exc:\n                screen = getattr(exc, \"screen\", None)\n                stacktrace = getattr(exc, \"stacktrace\", None)\n            time.sleep(self._poll)\n            if time.monotonic() > end_time:\n                break\n>       raise TimeoutException(message, screen, stacktrace)\nE       selenium.common.exceptions.TimeoutException: Message: \nE       Stacktrace:\nE       \tGetHandleVerifier [0x00007FF763A59632+30946]\nE       \t(No symbol) [0x00007FF763A0E3C9]\nE       \t(No symbol) [0x00007FF763906FDA]\nE       \t(No symbol) [0x00007FF76395822C]\nE       \t(No symbol) [0x00007FF76395850C]\nE       \t(No symbol) [0x00007FF76399DCB7]\nE       \t(No symbol) [0x00007FF76397CAAF]\nE       \t(No symbol) [0x00007FF76399B041]\nE       \t(No symbol) [0x00007FF76397C813]\nE       \t(No symbol) [0x00007FF76394A6E5]\nE       \t(No symbol) [0x00007FF76394B021]\nE       \tGetHandleVerifier [0x00007FF763B8F83D+1301229]\nE       \tGetHandleVerifier [0x00007FF763B9BDB7+1351783]\nE       \tGetHandleVerifier [0x00007FF763B92A03+1313971]\nE       \tGetHandleVerifier [0x00007FF763A8DD06+245686]\nE       \t(No symbol) [0x00007FF763A1758F]\nE       \t(No symbol) [0x00007FF763A13804]\nE       \t(No symbol) [0x00007FF763A13992]\nE       \t(No symbol) [0x00007FF763A0A3EF]\nE       \tBaseThreadInitThunk [0x00007FFEF0B57374+20]\nE       \tRtlUserThreadStart [0x00007FFEF1F5CC91+33]\n\nvenv\\Lib\\site-packages\\selenium\\webdriver\\support\\wait.py:105: TimeoutException"}, "steps": [{"name": "Нажать на кнопку \"Личный кабинет\"", "status": "passed", "start": 1722006553382, "stop": 1722006553962}, {"name": "Нажать на кнопку \"Выход\"", "status": "broken", "statusDetails": {"message": "selenium.common.exceptions.TimeoutException: Message: \nStacktrace:\n\tGetHandleVerifier [0x00007FF763A59632+30946]\n\t(No symbol) [0x00007FF763A0E3C9]\n\t(No symbol) [0x00007FF763906FDA]\n\t(No symbol) [0x00007FF76395822C]\n\t(No symbol) [0x00007FF76395850C]\n\t(No symbol) [0x00007FF76399DCB7]\n\t(No symbol) [0x00007FF76397CAAF]\n\t(No symbol) [0x00007FF76399B041]\n\t(No symbol) [0x00007FF76397C813]\n\t(No symbol) [0x00007FF76394A6E5]\n\t(No symbol) [0x00007FF76394B021]\n\tGetHandleVerifier [0x00007FF763B8F83D+1301229]\n\tGetHandleVerifier [0x00007FF763B9BDB7+1351783]\n\tGetHandleVerifier [0x00007FF763B92A03+1313971]\n\tGetHandleVerifier [0x00007FF763A8DD06+245686]\n\t(No symbol) [0x00007FF763A1758F]\n\t(No symbol) [0x00007FF763A13804]\n\t(No symbol) [0x00007FF763A13992]\n\t(No symbol) [0x00007FF763A0A3EF]\n\tBaseThreadInitThunk [0x00007FFEF0B57374+20]\n\tRtlUserThreadStart [0x00007FFEF1F5CC91+33]\n\n", "trace": "  File \"C:\\Users\\mvideo\\PycharmProjects\\Diplom\\Diplom_3\\venv\\Lib\\site-packages\\allure_commons\\_allure.py\", line 192, in impl\n    return func(*a, **kw)\n           ^^^^^^^^^^^^^^\n  File \"C:\\Users\\mvideo\\PycharmProjects\\Diplom\\Diplom_3\\pages\\personal_account_page.py\", line 38, in click_to_button_logout\n    self.click_to_element(PersonalAccountLocators.BUTTON_LOGOUT)\n  File \"C:\\Users\\mvideo\\PycharmProjects\\Diplom\\Diplom_3\\pages\\base_page.py\", line 23, in click_to_element\n    self.find_element_with_wait(locator).click()\n    ^^^^^^^^^^^^^^^^^^^^^^^^^^^^^^^^^^^^\n  File \"C:\\Users\\mvideo\\PycharmProjects\\Diplom\\Diplom_3\\pages\\base_page.py\", line 15, in find_element_with_wait\n    return WebDriverWait(self.driver, wait_time).until(expected_conditions.visibility_of_element_located(locator))\n           ^^^^^^^^^^^^^^^^^^^^^^^^^^^^^^^^^^^^^^^^^^^^^^^^^^^^^^^^^^^^^^^^^^^^^^^^^^^^^^^^^^^^^^^^^^^^^^^^^^^^^^^\n  File \"C:\\Users\\mvideo\\PycharmProjects\\Diplom\\Diplom_3\\venv\\Lib\\site-packages\\selenium\\webdriver\\support\\wait.py\", line 105, in until\n    raise TimeoutException(message, screen, stacktrace)\n"}, "start": 1722006553962, "stop": 1722006574448}], "parameters": [{"name": "driver", "value": "'chrome'"}], "start": 1722006553026, "stop": 1722006574450, "uuid": "c67b9971-1a62-4732-9d24-7979f3e649c2", "historyId": "b877351df2eb66c71688636a87e44271", "testCaseId": "ecaa64e4f61f1070557ca02f75bc64dd", "fullName": "tests.test_personal_account.TestPersonalAccount#test_logout_account", "labels": [{"name": "parentSuite", "value": "tests"}, {"name": "suite", "value": "test_personal_account"}, {"name": "subSuite", "value": "TestPersonalAccount"}, {"name": "host", "value": "LAPTOP-IIEM2BC4"}, {"name": "thread", "value": "15424-MainThread"}, {"name": "framework", "value": "pytest"}, {"name": "language", "value": "cpython3"}, {"name": "package", "value": "tests.test_personal_account"}]}