{"name": "После оформления заказа его номер появляется в разделе \"В работе\"", "status": "broken", "statusDetails": {"message": "selenium.common.exceptions.TimeoutException: Message:", "trace": "self = <tests.test_order_feed.TestOrderFeed object at 0x000001E86D1D8AD0>, login = <selenium.webdriver.firefox.webdriver.WebDriver (session=\"ccc77ec0-812b-4076-b63b-ac001e5334aa\")>\ndriver = <selenium.webdriver.firefox.webdriver.WebDriver (session=\"ccc77ec0-812b-4076-b63b-ac001e5334aa\")>, main_page = <pages.main_page.MainPage object at 0x000001E86D366D50>\norder_page = <pages.order_page.OrderPage object at 0x000001E86D3385F0>\n\n    @allure.title('После оформления заказа его номер появляется в разделе \"В работе\"')\n    def test_order_number_in_work(self, login, driver, main_page, order_page):\n        driver = login\n>       number_order = order_page.create_order()\n\ntests\\test_order_feed.py:53: \n_ _ _ _ _ _ _ _ _ _ _ _ _ _ _ _ _ _ _ _ _ _ _ _ _ _ _ _ _ _ _ _ _ _ _ _ _ _ _ _ _ _ _ _ _ _ _ _ _ _ _ _ _ _ _ _ _ _ _ _ _ _ _ _ _ _ _ _ _ _ _ _ _ _ _ _ _ _ _ _ _ _ _ _ _ _ _ _ _ _ _ _ _ _ _ _\npages\\order_page.py:67: in create_order\n    order_number = self.get_order_number()\npages\\order_page.py:57: in get_order_number\n    return self.get_updated_text_from_element(OrderLocators.ORDER_NUMBER, 5)\npages\\base_page.py:58: in get_updated_text_from_element\n    wait.until(lambda driver: element.text != current_text)\n_ _ _ _ _ _ _ _ _ _ _ _ _ _ _ _ _ _ _ _ _ _ _ _ _ _ _ _ _ _ _ _ _ _ _ _ _ _ _ _ _ _ _ _ _ _ _ _ _ _ _ _ _ _ _ _ _ _ _ _ _ _ _ _ _ _ _ _ _ _ _ _ _ _ _ _ _ _ _ _ _ _ _ _ _ _ _ _ _ _ _ _ _ _ _ _\n\nself = <selenium.webdriver.support.wait.WebDriverWait (session=\"ccc77ec0-812b-4076-b63b-ac001e5334aa\")>\nmethod = <function BasePage.get_updated_text_from_element.<locals>.<lambda> at 0x000001E86D300CC0>, message = ''\n\n    def until(self, method: Callable[[D], Union[Literal[False], T]], message: str = \"\") -> T:\n        \"\"\"Calls the method provided with the driver as an argument until the \\\n        return value does not evaluate to ``False``.\n    \n        :param method: callable(WebDriver)\n        :param message: optional message for :exc:`TimeoutException`\n        :returns: the result of the last call to `method`\n        :raises: :exc:`selenium.common.exceptions.TimeoutException` if timeout occurs\n        \"\"\"\n        screen = None\n        stacktrace = None\n    \n        end_time = time.monotonic() + self._timeout\n        while True:\n            try:\n                value = method(self._driver)\n                if value:\n                    return value\n            except self._ignored_exceptions as exc:\n                screen = getattr(exc, \"screen\", None)\n                stacktrace = getattr(exc, \"stacktrace\", None)\n            time.sleep(self._poll)\n            if time.monotonic() > end_time:\n                break\n>       raise TimeoutException(message, screen, stacktrace)\nE       selenium.common.exceptions.TimeoutException: Message:\n\nvenv\\Lib\\site-packages\\selenium\\webdriver\\support\\wait.py:105: TimeoutException"}, "steps": [{"name": "Создание заказа", "status": "broken", "statusDetails": {"message": "selenium.common.exceptions.TimeoutException: Message: \n\n", "trace": "  File \"C:\\Users\\mvideo\\PycharmProjects\\Diplom\\Diplom_3\\venv\\Lib\\site-packages\\allure_commons\\_allure.py\", line 192, in impl\n    return func(*a, **kw)\n           ^^^^^^^^^^^^^^\n  File \"C:\\Users\\mvideo\\PycharmProjects\\Diplom\\Diplom_3\\pages\\order_page.py\", line 67, in create_order\n    order_number = self.get_order_number()\n                   ^^^^^^^^^^^^^^^^^^^^^^^\n  File \"C:\\Users\\mvideo\\PycharmProjects\\Diplom\\Diplom_3\\venv\\Lib\\site-packages\\allure_commons\\_allure.py\", line 192, in impl\n    return func(*a, **kw)\n           ^^^^^^^^^^^^^^\n  File \"C:\\Users\\mvideo\\PycharmProjects\\Diplom\\Diplom_3\\pages\\order_page.py\", line 57, in get_order_number\n    return self.get_updated_text_from_element(OrderLocators.ORDER_NUMBER, 5)\n           ^^^^^^^^^^^^^^^^^^^^^^^^^^^^^^^^^^^^^^^^^^^^^^^^^^^^^^^^^^^^^^^^^\n  File \"C:\\Users\\mvideo\\PycharmProjects\\Diplom\\Diplom_3\\pages\\base_page.py\", line 58, in get_updated_text_from_element\n    wait.until(lambda driver: element.text != current_text)\n  File \"C:\\Users\\mvideo\\PycharmProjects\\Diplom\\Diplom_3\\venv\\Lib\\site-packages\\selenium\\webdriver\\support\\wait.py\", line 105, in until\n    raise TimeoutException(message, screen, stacktrace)\n"}, "steps": [{"name": "Перетаскивание ингредиента в правую часть экрана", "status": "passed", "start": 1722065844739, "stop": 1722065848988}, {"name": "Нажать на кнопку \"Оформить заказ\"", "status": "passed", "start": 1722065848988, "stop": 1722065849484}, {"name": "Получить номер заказа", "status": "broken", "statusDetails": {"message": "selenium.common.exceptions.TimeoutException: Message: \n\n", "trace": "  File \"C:\\Users\\mvideo\\PycharmProjects\\Diplom\\Diplom_3\\venv\\Lib\\site-packages\\allure_commons\\_allure.py\", line 192, in impl\n    return func(*a, **kw)\n           ^^^^^^^^^^^^^^\n  File \"C:\\Users\\mvideo\\PycharmProjects\\Diplom\\Diplom_3\\pages\\order_page.py\", line 57, in get_order_number\n    return self.get_updated_text_from_element(OrderLocators.ORDER_NUMBER, 5)\n           ^^^^^^^^^^^^^^^^^^^^^^^^^^^^^^^^^^^^^^^^^^^^^^^^^^^^^^^^^^^^^^^^^\n  File \"C:\\Users\\mvideo\\PycharmProjects\\Diplom\\Diplom_3\\pages\\base_page.py\", line 58, in get_updated_text_from_element\n    wait.until(lambda driver: element.text != current_text)\n  File \"C:\\Users\\mvideo\\PycharmProjects\\Diplom\\Diplom_3\\venv\\Lib\\site-packages\\selenium\\webdriver\\support\\wait.py\", line 105, in until\n    raise TimeoutException(message, screen, stacktrace)\n"}, "start": 1722065849484, "stop": 1722065855000}], "start": 1722065844739, "stop": 1722065855001}], "parameters": [{"name": "driver", "value": "'firefox'"}], "start": 1722065844739, "stop": 1722065855003, "uuid": "2a5e4ae8-d83e-4dfd-9bca-4918ba473eca", "historyId": "e8a881a696e13175a1a4705d610c7b18", "testCaseId": "337148dbd396415c20306dfc0e4da13e", "fullName": "tests.test_order_feed.TestOrderFeed#test_order_number_in_work", "labels": [{"name": "parentSuite", "value": "tests"}, {"name": "suite", "value": "test_order_feed"}, {"name": "subSuite", "value": "TestOrderFeed"}, {"name": "host", "value": "LAPTOP-IIEM2BC4"}, {"name": "thread", "value": "7140-MainThread"}, {"name": "framework", "value": "pytest"}, {"name": "language", "value": "cpython3"}, {"name": "package", "value": "tests.test_order_feed"}]}