{"name": "При создании нового заказа счётчик \"Выполнено за всё время\" увеличивается", "status": "broken", "statusDetails": {"message": "selenium.common.exceptions.TimeoutException: Message:", "trace": "self = <tests.test_order_feed.TestOrderFeed object at 0x0000023D4B6C8860>, login = <selenium.webdriver.firefox.webdriver.WebDriver (session=\"0cbc2f67-2835-4429-8c06-79f5962ab3d6\")>\ndriver = <selenium.webdriver.firefox.webdriver.WebDriver (session=\"0cbc2f67-2835-4429-8c06-79f5962ab3d6\")>, main_page = <pages.main_page.MainPage object at 0x0000023D4B703D10>\norder_page = <pages.order_page.OrderPage object at 0x0000023D4B810410>\n\n    @allure.title('При создании нового заказа счётчик \"Выполнено за всё время\" увеличивается')\n    def test_counter_all_time_increases(self, login, driver, main_page, order_page):\n        driver = login\n        main_page.click_to_button_order_history()\n        counter_all_time = order_page.get_all_time_orders()\n        main_page.click_to_button_constructor()\n>       order_page.create_order()\n\ntests\\test_order_feed.py:32: \n_ _ _ _ _ _ _ _ _ _ _ _ _ _ _ _ _ _ _ _ _ _ _ _ _ _ _ _ _ _ _ _ _ _ _ _ _ _ _ _ _ _ _ _ _ _ _ _ _ _ _ _ _ _ _ _ _ _ _ _ _ _ _ _ _ _ _ _ _ _ _ _ _ _ _ _ _ _ _ _ _ _ _ _ _ _ _ _ _ _ _ _ _ _ _ _\npages\\order_page.py:67: in create_order\n    order_number = self.get_order_number()\npages\\order_page.py:57: in get_order_number\n    return self.get_updated_text_from_element(OrderLocators.ORDER_NUMBER, 5)\npages\\base_page.py:58: in get_updated_text_from_element\n    wait.until(lambda driver: element.text != current_text)\n_ _ _ _ _ _ _ _ _ _ _ _ _ _ _ _ _ _ _ _ _ _ _ _ _ _ _ _ _ _ _ _ _ _ _ _ _ _ _ _ _ _ _ _ _ _ _ _ _ _ _ _ _ _ _ _ _ _ _ _ _ _ _ _ _ _ _ _ _ _ _ _ _ _ _ _ _ _ _ _ _ _ _ _ _ _ _ _ _ _ _ _ _ _ _ _\n\nself = <selenium.webdriver.support.wait.WebDriverWait (session=\"0cbc2f67-2835-4429-8c06-79f5962ab3d6\")>\nmethod = <function BasePage.get_updated_text_from_element.<locals>.<lambda> at 0x0000023D4B7C0720>, message = ''\n\n    def until(self, method: Callable[[D], Union[Literal[False], T]], message: str = \"\") -> T:\n        \"\"\"Calls the method provided with the driver as an argument until the \\\n        return value does not evaluate to ``False``.\n    \n        :param method: callable(WebDriver)\n        :param message: optional message for :exc:`TimeoutException`\n        :returns: the result of the last call to `method`\n        :raises: :exc:`selenium.common.exceptions.TimeoutException` if timeout occurs\n        \"\"\"\n        screen = None\n        stacktrace = None\n    \n        end_time = time.monotonic() + self._timeout\n        while True:\n            try:\n                value = method(self._driver)\n                if value:\n                    return value\n            except self._ignored_exceptions as exc:\n                screen = getattr(exc, \"screen\", None)\n                stacktrace = getattr(exc, \"stacktrace\", None)\n            time.sleep(self._poll)\n            if time.monotonic() > end_time:\n                break\n>       raise TimeoutException(message, screen, stacktrace)\nE       selenium.common.exceptions.TimeoutException: Message:\n\nvenv\\Lib\\site-packages\\selenium\\webdriver\\support\\wait.py:105: TimeoutException"}, "steps": [{"name": "Нажать на кнопку \"Лента заказов\"", "status": "passed", "start": 1722066814551, "stop": 1722066815420}, {"name": "Получить количество выполненных заказов за всё время", "status": "passed", "start": 1722066815421, "stop": 1722066816012}, {"name": "Нажать на кнопку \"Конструктор\"", "status": "passed", "start": 1722066816012, "stop": 1722066816365}, {"name": "Создание заказа", "status": "broken", "statusDetails": {"message": "selenium.common.exceptions.TimeoutException: Message: \n\n", "trace": "  File \"C:\\Users\\mvideo\\PycharmProjects\\Diplom\\Diplom_3\\venv\\Lib\\site-packages\\allure_commons\\_allure.py\", line 192, in impl\n    return func(*a, **kw)\n           ^^^^^^^^^^^^^^\n  File \"C:\\Users\\mvideo\\PycharmProjects\\Diplom\\Diplom_3\\pages\\order_page.py\", line 67, in create_order\n    order_number = self.get_order_number()\n                   ^^^^^^^^^^^^^^^^^^^^^^^\n  File \"C:\\Users\\mvideo\\PycharmProjects\\Diplom\\Diplom_3\\venv\\Lib\\site-packages\\allure_commons\\_allure.py\", line 192, in impl\n    return func(*a, **kw)\n           ^^^^^^^^^^^^^^\n  File \"C:\\Users\\mvideo\\PycharmProjects\\Diplom\\Diplom_3\\pages\\order_page.py\", line 57, in get_order_number\n    return self.get_updated_text_from_element(OrderLocators.ORDER_NUMBER, 5)\n           ^^^^^^^^^^^^^^^^^^^^^^^^^^^^^^^^^^^^^^^^^^^^^^^^^^^^^^^^^^^^^^^^^\n  File \"C:\\Users\\mvideo\\PycharmProjects\\Diplom\\Diplom_3\\pages\\base_page.py\", line 58, in get_updated_text_from_element\n    wait.until(lambda driver: element.text != current_text)\n  File \"C:\\Users\\mvideo\\PycharmProjects\\Diplom\\Diplom_3\\venv\\Lib\\site-packages\\selenium\\webdriver\\support\\wait.py\", line 105, in until\n    raise TimeoutException(message, screen, stacktrace)\n"}, "steps": [{"name": "Перетаскивание ингредиента в правую часть экрана", "status": "passed", "start": 1722066816366, "stop": 1722066817003}, {"name": "Нажать на кнопку \"Оформить заказ\"", "status": "passed", "start": 1722066817003, "stop": 1722066817333}, {"name": "Получить номер заказа", "status": "broken", "statusDetails": {"message": "selenium.common.exceptions.TimeoutException: Message: \n\n", "trace": "  File \"C:\\Users\\mvideo\\PycharmProjects\\Diplom\\Diplom_3\\venv\\Lib\\site-packages\\allure_commons\\_allure.py\", line 192, in impl\n    return func(*a, **kw)\n           ^^^^^^^^^^^^^^\n  File \"C:\\Users\\mvideo\\PycharmProjects\\Diplom\\Diplom_3\\pages\\order_page.py\", line 57, in get_order_number\n    return self.get_updated_text_from_element(OrderLocators.ORDER_NUMBER, 5)\n           ^^^^^^^^^^^^^^^^^^^^^^^^^^^^^^^^^^^^^^^^^^^^^^^^^^^^^^^^^^^^^^^^^\n  File \"C:\\Users\\mvideo\\PycharmProjects\\Diplom\\Diplom_3\\pages\\base_page.py\", line 58, in get_updated_text_from_element\n    wait.until(lambda driver: element.text != current_text)\n  File \"C:\\Users\\mvideo\\PycharmProjects\\Diplom\\Diplom_3\\venv\\Lib\\site-packages\\selenium\\webdriver\\support\\wait.py\", line 105, in until\n    raise TimeoutException(message, screen, stacktrace)\n"}, "start": 1722066817333, "stop": 1722066822802}], "start": 1722066816365, "stop": 1722066822803}], "parameters": [{"name": "driver", "value": "'firefox'"}], "start": 1722066814551, "stop": 1722066822808, "uuid": "1b983933-754c-4866-87a6-7678b4fe9d73", "historyId": "461cf2c1b9b4cabddbecf1444465a240", "testCaseId": "4fb23db3557005945658846978ab67e2", "fullName": "tests.test_order_feed.TestOrderFeed#test_counter_all_time_increases", "labels": [{"name": "parentSuite", "value": "tests"}, {"name": "suite", "value": "test_order_feed"}, {"name": "subSuite", "value": "TestOrderFeed"}, {"name": "host", "value": "LAPTOP-IIEM2BC4"}, {"name": "thread", "value": "20752-MainThread"}, {"name": "framework", "value": "pytest"}, {"name": "language", "value": "cpython3"}, {"name": "package", "value": "tests.test_order_feed"}]}