{"name": "При создании нового заказа счётчик \"Выполнено за всё время\" увеличивается", "status": "broken", "statusDetails": {"message": "selenium.common.exceptions.TimeoutException: Message: \nStacktrace:\n\tGetHandleVerifier [0x00007FF6740C9632+30946]\n\t(No symbol) [0x00007FF67407E3C9]\n\t(No symbol) [0x00007FF673F76FDA]\n\t(No symbol) [0x00007FF673FC822C]\n\t(No symbol) [0x00007FF673FC850C]\n\t(No symbol) [0x00007FF67400DCB7]\n\t(No symbol) [0x00007FF673FECAAF]\n\t(No symbol) [0x00007FF67400B041]\n\t(No symbol) [0x00007FF673FEC813]\n\t(No symbol) [0x00007FF673FBA6E5]\n\t(No symbol) [0x00007FF673FBB021]\n\tGetHandleVerifier [0x00007FF6741FF83D+1301229]\n\tGetHandleVerifier [0x00007FF67420BDB7+1351783]\n\tGetHandleVerifier [0x00007FF674202A03+1313971]\n\tGetHandleVerifier [0x00007FF6740FDD06+245686]\n\t(No symbol) [0x00007FF67408758F]\n\t(No symbol) [0x00007FF674083804]\n\t(No symbol) [0x00007FF674083992]\n\t(No symbol) [0x00007FF67407A3EF]\n\tBaseThreadInitThunk [0x00007FFEF0B57374+20]\n\tRtlUserThreadStart [0x00007FFEF1F5CC91+33]", "trace": "self = <tests.test_order_feed.TestOrderFeed object at 0x000002B8AF8DF8C0>, driver = <selenium.webdriver.chrome.webdriver.WebDriver (session=\"56ae826ed54f20b322b8223d080ab676\")>\n\n    @allure.title('При создании нового заказа счётчик \"Выполнено за всё время\" увеличивается')\n    def test_counter_all_time_increases(self, driver):\n        driver.get(Url.BASE_URL)\n        main_page = MainPage(driver)\n        main_page.click_to_button_personal_account()\n        order_page = OrderPage(driver)\n        main_page.click_to_button_order_history()\n        counter_all_time = order_page.get_all_time_orders()\n        personal_account_page = PersonalAccountPage(driver)\n>       personal_account_page.click_to_button_history_order()\n\ntests\\test_order_feed.py:43: \n_ _ _ _ _ _ _ _ _ _ _ _ _ _ _ _ _ _ _ _ _ _ _ _ _ _ _ _ _ _ _ _ _ _ _ _ _ _ _ _ _ _ _ _ _ _ _ _ _ _ _ _ _ _ _ _ _ _ _ _ _ _ _ _ _ _ _ _ _ _ _ _ _ _ _ _ _ _ _ _ _ _ _ _ _ _ _ _ _ _ _ _ _ _ _ _\npages\\personal_account_page.py:29: in click_to_button_history_order\n    self.find_element_with_wait(PersonalAccountLocators.BUTTON_HISTORY_ORDER, wait_time=10)\npages\\base_page.py:15: in find_element_with_wait\n    return WebDriverWait(self.driver, wait_time).until(expected_conditions.visibility_of_element_located(locator))\n_ _ _ _ _ _ _ _ _ _ _ _ _ _ _ _ _ _ _ _ _ _ _ _ _ _ _ _ _ _ _ _ _ _ _ _ _ _ _ _ _ _ _ _ _ _ _ _ _ _ _ _ _ _ _ _ _ _ _ _ _ _ _ _ _ _ _ _ _ _ _ _ _ _ _ _ _ _ _ _ _ _ _ _ _ _ _ _ _ _ _ _ _ _ _ _\n\nself = <selenium.webdriver.support.wait.WebDriverWait (session=\"56ae826ed54f20b322b8223d080ab676\")>, method = <function visibility_of_element_located.<locals>._predicate at 0x000002B8AFDA2B60>\nmessage = ''\n\n    def until(self, method: Callable[[D], Union[Literal[False], T]], message: str = \"\") -> T:\n        \"\"\"Calls the method provided with the driver as an argument until the \\\n        return value does not evaluate to ``False``.\n    \n        :param method: callable(WebDriver)\n        :param message: optional message for :exc:`TimeoutException`\n        :returns: the result of the last call to `method`\n        :raises: :exc:`selenium.common.exceptions.TimeoutException` if timeout occurs\n        \"\"\"\n        screen = None\n        stacktrace = None\n    \n        end_time = time.monotonic() + self._timeout\n        while True:\n            try:\n                value = method(self._driver)\n                if value:\n                    return value\n            except self._ignored_exceptions as exc:\n                screen = getattr(exc, \"screen\", None)\n                stacktrace = getattr(exc, \"stacktrace\", None)\n            time.sleep(self._poll)\n            if time.monotonic() > end_time:\n                break\n>       raise TimeoutException(message, screen, stacktrace)\nE       selenium.common.exceptions.TimeoutException: Message: \nE       Stacktrace:\nE       \tGetHandleVerifier [0x00007FF6740C9632+30946]\nE       \t(No symbol) [0x00007FF67407E3C9]\nE       \t(No symbol) [0x00007FF673F76FDA]\nE       \t(No symbol) [0x00007FF673FC822C]\nE       \t(No symbol) [0x00007FF673FC850C]\nE       \t(No symbol) [0x00007FF67400DCB7]\nE       \t(No symbol) [0x00007FF673FECAAF]\nE       \t(No symbol) [0x00007FF67400B041]\nE       \t(No symbol) [0x00007FF673FEC813]\nE       \t(No symbol) [0x00007FF673FBA6E5]\nE       \t(No symbol) [0x00007FF673FBB021]\nE       \tGetHandleVerifier [0x00007FF6741FF83D+1301229]\nE       \tGetHandleVerifier [0x00007FF67420BDB7+1351783]\nE       \tGetHandleVerifier [0x00007FF674202A03+1313971]\nE       \tGetHandleVerifier [0x00007FF6740FDD06+245686]\nE       \t(No symbol) [0x00007FF67408758F]\nE       \t(No symbol) [0x00007FF674083804]\nE       \t(No symbol) [0x00007FF674083992]\nE       \t(No symbol) [0x00007FF67407A3EF]\nE       \tBaseThreadInitThunk [0x00007FFEF0B57374+20]\nE       \tRtlUserThreadStart [0x00007FFEF1F5CC91+33]\n\nvenv\\Lib\\site-packages\\selenium\\webdriver\\support\\wait.py:105: TimeoutException"}, "steps": [{"name": "Нажать на кнопку \"Личный кабинет\"", "status": "passed", "start": 1722006440320, "stop": 1722006441222}, {"name": "Нажать на кнопку \"Лента заказов\"", "status": "passed", "start": 1722006441222, "stop": 1722006442296}, {"name": "Получить количество выполненных заказов за всё время", "status": "passed", "start": 1722006442298, "stop": 1722006442475}, {"name": "Нажать на кнопку \"История заказов\"", "status": "broken", "statusDetails": {"message": "selenium.common.exceptions.TimeoutException: Message: \nStacktrace:\n\tGetHandleVerifier [0x00007FF6740C9632+30946]\n\t(No symbol) [0x00007FF67407E3C9]\n\t(No symbol) [0x00007FF673F76FDA]\n\t(No symbol) [0x00007FF673FC822C]\n\t(No symbol) [0x00007FF673FC850C]\n\t(No symbol) [0x00007FF67400DCB7]\n\t(No symbol) [0x00007FF673FECAAF]\n\t(No symbol) [0x00007FF67400B041]\n\t(No symbol) [0x00007FF673FEC813]\n\t(No symbol) [0x00007FF673FBA6E5]\n\t(No symbol) [0x00007FF673FBB021]\n\tGetHandleVerifier [0x00007FF6741FF83D+1301229]\n\tGetHandleVerifier [0x00007FF67420BDB7+1351783]\n\tGetHandleVerifier [0x00007FF674202A03+1313971]\n\tGetHandleVerifier [0x00007FF6740FDD06+245686]\n\t(No symbol) [0x00007FF67408758F]\n\t(No symbol) [0x00007FF674083804]\n\t(No symbol) [0x00007FF674083992]\n\t(No symbol) [0x00007FF67407A3EF]\n\tBaseThreadInitThunk [0x00007FFEF0B57374+20]\n\tRtlUserThreadStart [0x00007FFEF1F5CC91+33]\n\n", "trace": "  File \"C:\\Users\\mvideo\\PycharmProjects\\Diplom\\Diplom_3\\venv\\Lib\\site-packages\\allure_commons\\_allure.py\", line 192, in impl\n    return func(*a, **kw)\n           ^^^^^^^^^^^^^^\n  File \"C:\\Users\\mvideo\\PycharmProjects\\Diplom\\Diplom_3\\pages\\personal_account_page.py\", line 29, in click_to_button_history_order\n    self.find_element_with_wait(PersonalAccountLocators.BUTTON_HISTORY_ORDER, wait_time=10)\n  File \"C:\\Users\\mvideo\\PycharmProjects\\Diplom\\Diplom_3\\pages\\base_page.py\", line 15, in find_element_with_wait\n    return WebDriverWait(self.driver, wait_time).until(expected_conditions.visibility_of_element_located(locator))\n           ^^^^^^^^^^^^^^^^^^^^^^^^^^^^^^^^^^^^^^^^^^^^^^^^^^^^^^^^^^^^^^^^^^^^^^^^^^^^^^^^^^^^^^^^^^^^^^^^^^^^^^^\n  File \"C:\\Users\\mvideo\\PycharmProjects\\Diplom\\Diplom_3\\venv\\Lib\\site-packages\\selenium\\webdriver\\support\\wait.py\", line 105, in until\n    raise TimeoutException(message, screen, stacktrace)\n"}, "start": 1722006442475, "stop": 1722006453123}], "parameters": [{"name": "driver", "value": "'chrome'"}], "start": 1722006439783, "stop": 1722006453148, "uuid": "4d3a6c0e-21cb-463f-9564-c51e901c1618", "historyId": "ebaa5c27f0955a5070454df8b520557c", "testCaseId": "4fb23db3557005945658846978ab67e2", "fullName": "tests.test_order_feed.TestOrderFeed#test_counter_all_time_increases", "labels": [{"name": "parentSuite", "value": "tests"}, {"name": "suite", "value": "test_order_feed"}, {"name": "subSuite", "value": "TestOrderFeed"}, {"name": "host", "value": "LAPTOP-IIEM2BC4"}, {"name": "thread", "value": "15424-MainThread"}, {"name": "framework", "value": "pytest"}, {"name": "language", "value": "cpython3"}, {"name": "package", "value": "tests.test_order_feed"}]}