{"name": "Выход из аккаунта", "status": "broken", "statusDetails": {"message": "selenium.common.exceptions.TimeoutException: Message: \nStacktrace:\n\tGetHandleVerifier [0x00007FF7899F1F22+60322]\n\t(No symbol) [0x00007FF78996CE99]\n\t(No symbol) [0x00007FF789827EBA]\n\t(No symbol) [0x00007FF789877676]\n\t(No symbol) [0x00007FF78987773C]\n\t(No symbol) [0x00007FF7898BE967]\n\t(No symbol) [0x00007FF78989C25F]\n\t(No symbol) [0x00007FF7898BBC80]\n\t(No symbol) [0x00007FF78989BFC3]\n\t(No symbol) [0x00007FF789869617]\n\t(No symbol) [0x00007FF78986A211]\n\tGetHandleVerifier [0x00007FF789D0946D+3301613]\n\tGetHandleVerifier [0x00007FF789D53693+3605267]\n\tGetHandleVerifier [0x00007FF789D49410+3563664]\n\tGetHandleVerifier [0x00007FF789AA42F6+790390]\n\t(No symbol) [0x00007FF7899774DF]\n\t(No symbol) [0x00007FF7899733D4]\n\t(No symbol) [0x00007FF789973562]\n\t(No symbol) [0x00007FF789962F6F]\n\tBaseThreadInitThunk [0x00007FFEF0B57374+20]\n\tRtlUserThreadStart [0x00007FFEF1F5CC91+33]", "trace": "driver = <selenium.webdriver.chrome.webdriver.WebDriver (session=\"04d3c50874558bd9b0e78e60edd4b10e\")>\n\n    @pytest.fixture\n    def login(driver):\n        driver.get(Url.BASE_URL)\n        main_page = MainPage(driver)\n        main_page.click_to_button_personal_account()\n        personal_account_page = PersonalAccountPage(driver)\n>       personal_account_page.input_email(email)\n\nconftest.py:23: \n_ _ _ _ _ _ _ _ _ _ _ _ _ _ _ _ _ _ _ _ _ _ _ _ _ _ _ _ _ _ _ _ _ _ _ _ _ _ _ _ _ _ _ _ _ _ _ _ _ _ _ _ _ _ _ _ _ _ _ _ _ _ _ _ _ _ _ _ _ _ _ _ _ _ _ _ _ _ _ _ _ _ _ _ _ _ _ _ _ _ _ _ _ _ _ _\npages\\personal_account_page.py:15: in input_email\n    self.add_text_to_element(PersonalAccountLocators.FIELD_EMAIL, email)\npages\\base_page.py:27: in add_text_to_element\n    self.find_element_with_wait(locator).send_keys(text)\npages\\base_page.py:15: in find_element_with_wait\n    return WebDriverWait(self.driver, 10).until(expected_conditions.visibility_of_element_located(locator))\n_ _ _ _ _ _ _ _ _ _ _ _ _ _ _ _ _ _ _ _ _ _ _ _ _ _ _ _ _ _ _ _ _ _ _ _ _ _ _ _ _ _ _ _ _ _ _ _ _ _ _ _ _ _ _ _ _ _ _ _ _ _ _ _ _ _ _ _ _ _ _ _ _ _ _ _ _ _ _ _ _ _ _ _ _ _ _ _ _ _ _ _ _ _ _ _\n\nself = <selenium.webdriver.support.wait.WebDriverWait (session=\"04d3c50874558bd9b0e78e60edd4b10e\")>, method = <function visibility_of_element_located.<locals>._predicate at 0x000002D69EF3DE40>\nmessage = ''\n\n    def until(self, method: Callable[[D], Union[Literal[False], T]], message: str = \"\") -> T:\n        \"\"\"Calls the method provided with the driver as an argument until the \\\n        return value does not evaluate to ``False``.\n    \n        :param method: callable(WebDriver)\n        :param message: optional message for :exc:`TimeoutException`\n        :returns: the result of the last call to `method`\n        :raises: :exc:`selenium.common.exceptions.TimeoutException` if timeout occurs\n        \"\"\"\n        screen = None\n        stacktrace = None\n    \n        end_time = time.monotonic() + self._timeout\n        while True:\n            try:\n                value = method(self._driver)\n                if value:\n                    return value\n            except self._ignored_exceptions as exc:\n                screen = getattr(exc, \"screen\", None)\n                stacktrace = getattr(exc, \"stacktrace\", None)\n            time.sleep(self._poll)\n            if time.monotonic() > end_time:\n                break\n>       raise TimeoutException(message, screen, stacktrace)\nE       selenium.common.exceptions.TimeoutException: Message: \nE       Stacktrace:\nE       \tGetHandleVerifier [0x00007FF7899F1F22+60322]\nE       \t(No symbol) [0x00007FF78996CE99]\nE       \t(No symbol) [0x00007FF789827EBA]\nE       \t(No symbol) [0x00007FF789877676]\nE       \t(No symbol) [0x00007FF78987773C]\nE       \t(No symbol) [0x00007FF7898BE967]\nE       \t(No symbol) [0x00007FF78989C25F]\nE       \t(No symbol) [0x00007FF7898BBC80]\nE       \t(No symbol) [0x00007FF78989BFC3]\nE       \t(No symbol) [0x00007FF789869617]\nE       \t(No symbol) [0x00007FF78986A211]\nE       \tGetHandleVerifier [0x00007FF789D0946D+3301613]\nE       \tGetHandleVerifier [0x00007FF789D53693+3605267]\nE       \tGetHandleVerifier [0x00007FF789D49410+3563664]\nE       \tGetHandleVerifier [0x00007FF789AA42F6+790390]\nE       \t(No symbol) [0x00007FF7899774DF]\nE       \t(No symbol) [0x00007FF7899733D4]\nE       \t(No symbol) [0x00007FF789973562]\nE       \t(No symbol) [0x00007FF789962F6F]\nE       \tBaseThreadInitThunk [0x00007FFEF0B57374+20]\nE       \tRtlUserThreadStart [0x00007FFEF1F5CC91+33]\n\nvenv\\Lib\\site-packages\\selenium\\webdriver\\support\\wait.py:105: TimeoutException"}, "parameters": [{"name": "driver", "value": "'chrome'"}], "start": 1721842349504, "stop": 1721842349504, "uuid": "b64755b3-9928-4859-be17-4ab68f108a31", "historyId": "b877351df2eb66c71688636a87e44271", "testCaseId": "ecaa64e4f61f1070557ca02f75bc64dd", "fullName": "tests.test_personal_account.TestPersonalAccount#test_logout_account", "labels": [{"name": "parentSuite", "value": "tests"}, {"name": "suite", "value": "test_personal_account"}, {"name": "subSuite", "value": "TestPersonalAccount"}, {"name": "host", "value": "LAPTOP-IIEM2BC4"}, {"name": "thread", "value": "19152-MainThread"}, {"name": "framework", "value": "pytest"}, {"name": "language", "value": "cpython3"}, {"name": "package", "value": "tests.test_personal_account"}]}