{"uuid": "0dd5b55c-b015-4fd3-94d6-987daf34a365", "children": ["b1753483-29c6-4aff-a877-4e7df4149cf6"], "befores": [{"name": "login", "status": "broken", "statusDetails": {"message": "selenium.common.exceptions.ElementClickInterceptedException: Message: element click intercepted: Element <p class=\"AppHeader_header__linkText__3q_va ml-2\">...</p> is not clickable at point (935, 44). Other element would receive the click: <div class=\"Modal_modal_overlay__x2ZCr\"></div>\n  (Session info: chrome=127.0.6533.73)\nStacktrace:\n\tGetHandleVerifier [0x00007FF763A59632+30946]\n\t(No symbol) [0x00007FF763A0E3C9]\n\t(No symbol) [0x00007FF763906FDA]\n\t(No symbol) [0x00007FF76395FEEE]\n\t(No symbol) [0x00007FF76395D962]\n\t(No symbol) [0x00007FF76395AE7B]\n\t(No symbol) [0x00007FF76395A095]\n\t(No symbol) [0x00007FF76394C271]\n\t(No symbol) [0x00007FF76397CA6A]\n\t(No symbol) [0x00007FF76394BBB6]\n\t(No symbol) [0x00007FF76397CC80]\n\t(No symbol) [0x00007FF76399B041]\n\t(No symbol) [0x00007FF76397C813]\n\t(No symbol) [0x00007FF76394A6E5]\n\t(No symbol) [0x00007FF76394B021]\n\tGetHandleVerifier [0x00007FF763B8F83D+1301229]\n\tGetHandleVerifier [0x00007FF763B9BDB7+1351783]\n\tGetHandleVerifier [0x00007FF763B92A03+1313971]\n\tGetHandleVerifier [0x00007FF763A8DD06+245686]\n\t(No symbol) [0x00007FF763A1758F]\n\t(No symbol) [0x00007FF763A13804]\n\t(No symbol) [0x00007FF763A13992]\n\t(No symbol) [0x00007FF763A0A3EF]\n\tBaseThreadInitThunk [0x00007FFEF0B57374+20]\n\tRtlUserThreadStart [0x00007FFEF1F5CC91+33]\n\n", "trace": "  File \"C:\\Users\\mvideo\\PycharmProjects\\Diplom\\Diplom_3\\venv\\Lib\\site-packages\\pluggy\\_callers.py\", line 167, in _multicall\n    teardown.throw(outcome._exception)\n  File \"C:\\Users\\mvideo\\PycharmProjects\\Diplom\\Diplom_3\\venv\\Lib\\site-packages\\_pytest\\setuponly.py\", line 36, in pytest_fixture_setup\n    return (yield)\n            ^^^^^\n  File \"C:\\Users\\mvideo\\PycharmProjects\\Diplom\\Diplom_3\\venv\\Lib\\site-packages\\pluggy\\_callers.py\", line 103, in _multicall\n    res = hook_impl.function(*args)\n          ^^^^^^^^^^^^^^^^^^^^^^^^^\n  File \"C:\\Users\\mvideo\\PycharmProjects\\Diplom\\Diplom_3\\venv\\Lib\\site-packages\\_pytest\\fixtures.py\", line 1139, in pytest_fixture_setup\n    result = call_fixture_func(fixturefunc, request, kwargs)\n             ^^^^^^^^^^^^^^^^^^^^^^^^^^^^^^^^^^^^^^^^^^^^^^^\n  File \"C:\\Users\\mvideo\\PycharmProjects\\Diplom\\Diplom_3\\venv\\Lib\\site-packages\\_pytest\\fixtures.py\", line 897, in call_fixture_func\n    fixture_result = fixturefunc(**kwargs)\n                     ^^^^^^^^^^^^^^^^^^^^^\n  File \"C:\\Users\\mvideo\\PycharmProjects\\Diplom\\Diplom_3\\conftest.py\", line 21, in login\n    main_page.click_to_button_personal_account()\n  File \"C:\\Users\\mvideo\\PycharmProjects\\Diplom\\Diplom_3\\venv\\Lib\\site-packages\\allure_commons\\_allure.py\", line 192, in impl\n    return func(*a, **kw)\n           ^^^^^^^^^^^^^^\n  File \"C:\\Users\\mvideo\\PycharmProjects\\Diplom\\Diplom_3\\pages\\main_page.py\", line 14, in click_to_button_personal_account\n    self.click_to_element(MainPageLocators.BUTTON_PERSONAL_ACCOUNT)\n  File \"C:\\Users\\mvideo\\PycharmProjects\\Diplom\\Diplom_3\\pages\\base_page.py\", line 23, in click_to_element\n    self.find_element_with_wait(locator).click()\n  File \"C:\\Users\\mvideo\\PycharmProjects\\Diplom\\Diplom_3\\venv\\Lib\\site-packages\\selenium\\webdriver\\remote\\webelement.py\", line 94, in click\n    self._execute(Command.CLICK_ELEMENT)\n  File \"C:\\Users\\mvideo\\PycharmProjects\\Diplom\\Diplom_3\\venv\\Lib\\site-packages\\selenium\\webdriver\\remote\\webelement.py\", line 395, in _execute\n    return self._parent.execute(command, params)\n           ^^^^^^^^^^^^^^^^^^^^^^^^^^^^^^^^^^^^^\n  File \"C:\\Users\\mvideo\\PycharmProjects\\Diplom\\Diplom_3\\venv\\Lib\\site-packages\\selenium\\webdriver\\remote\\webdriver.py\", line 354, in execute\n    self.error_handler.check_response(response)\n  File \"C:\\Users\\mvideo\\PycharmProjects\\Diplom\\Diplom_3\\venv\\Lib\\site-packages\\selenium\\webdriver\\remote\\errorhandler.py\", line 229, in check_response\n    raise exception_class(message, screen, stacktrace)\n"}, "steps": [{"name": "Нажать на кнопку \"Личный кабинет\"", "status": "broken", "statusDetails": {"message": "selenium.common.exceptions.ElementClickInterceptedException: Message: element click intercepted: Element <p class=\"AppHeader_header__linkText__3q_va ml-2\">...</p> is not clickable at point (935, 44). Other element would receive the click: <div class=\"Modal_modal_overlay__x2ZCr\"></div>\n  (Session info: chrome=127.0.6533.73)\nStacktrace:\n\tGetHandleVerifier [0x00007FF763A59632+30946]\n\t(No symbol) [0x00007FF763A0E3C9]\n\t(No symbol) [0x00007FF763906FDA]\n\t(No symbol) [0x00007FF76395FEEE]\n\t(No symbol) [0x00007FF76395D962]\n\t(No symbol) [0x00007FF76395AE7B]\n\t(No symbol) [0x00007FF76395A095]\n\t(No symbol) [0x00007FF76394C271]\n\t(No symbol) [0x00007FF76397CA6A]\n\t(No symbol) [0x00007FF76394BBB6]\n\t(No symbol) [0x00007FF76397CC80]\n\t(No symbol) [0x00007FF76399B041]\n\t(No symbol) [0x00007FF76397C813]\n\t(No symbol) [0x00007FF76394A6E5]\n\t(No symbol) [0x00007FF76394B021]\n\tGetHandleVerifier [0x00007FF763B8F83D+1301229]\n\tGetHandleVerifier [0x00007FF763B9BDB7+1351783]\n\tGetHandleVerifier [0x00007FF763B92A03+1313971]\n\tGetHandleVerifier [0x00007FF763A8DD06+245686]\n\t(No symbol) [0x00007FF763A1758F]\n\t(No symbol) [0x00007FF763A13804]\n\t(No symbol) [0x00007FF763A13992]\n\t(No symbol) [0x00007FF763A0A3EF]\n\tBaseThreadInitThunk [0x00007FFEF0B57374+20]\n\tRtlUserThreadStart [0x00007FFEF1F5CC91+33]\n\n", "trace": "  File \"C:\\Users\\mvideo\\PycharmProjects\\Diplom\\Diplom_3\\venv\\Lib\\site-packages\\allure_commons\\_allure.py\", line 192, in impl\n    return func(*a, **kw)\n           ^^^^^^^^^^^^^^\n  File \"C:\\Users\\mvideo\\PycharmProjects\\Diplom\\Diplom_3\\pages\\main_page.py\", line 14, in click_to_button_personal_account\n    self.click_to_element(MainPageLocators.BUTTON_PERSONAL_ACCOUNT)\n  File \"C:\\Users\\mvideo\\PycharmProjects\\Diplom\\Diplom_3\\pages\\base_page.py\", line 23, in click_to_element\n    self.find_element_with_wait(locator).click()\n  File \"C:\\Users\\mvideo\\PycharmProjects\\Diplom\\Diplom_3\\venv\\Lib\\site-packages\\selenium\\webdriver\\remote\\webelement.py\", line 94, in click\n    self._execute(Command.CLICK_ELEMENT)\n  File \"C:\\Users\\mvideo\\PycharmProjects\\Diplom\\Diplom_3\\venv\\Lib\\site-packages\\selenium\\webdriver\\remote\\webelement.py\", line 395, in _execute\n    return self._parent.execute(command, params)\n           ^^^^^^^^^^^^^^^^^^^^^^^^^^^^^^^^^^^^^\n  File \"C:\\Users\\mvideo\\PycharmProjects\\Diplom\\Diplom_3\\venv\\Lib\\site-packages\\selenium\\webdriver\\remote\\webdriver.py\", line 354, in execute\n    self.error_handler.check_response(response)\n  File \"C:\\Users\\mvideo\\PycharmProjects\\Diplom\\Diplom_3\\venv\\Lib\\site-packages\\selenium\\webdriver\\remote\\errorhandler.py\", line 229, in check_response\n    raise exception_class(message, screen, stacktrace)\n"}, "start": 1722006551005, "stop": 1722006552665}], "start": 1722006550626, "stop": 1722006552667}], "start": 1722006550626, "stop": 1722006552994}