{"name": "Выход из аккаунта", "status": "broken", "statusDetails": {"message": "selenium.common.exceptions.TimeoutException: Message: \nStacktrace:\n\tGetHandleVerifier [0x00007FF669891F22+60322]\n\t(No symbol) [0x00007FF66980CE99]\n\t(No symbol) [0x00007FF6696C7EBA]\n\t(No symbol) [0x00007FF669717676]\n\t(No symbol) [0x00007FF66971773C]\n\t(No symbol) [0x00007FF66975E967]\n\t(No symbol) [0x00007FF66973C25F]\n\t(No symbol) [0x00007FF66975BC80]\n\t(No symbol) [0x00007FF66973BFC3]\n\t(No symbol) [0x00007FF669709617]\n\t(No symbol) [0x00007FF66970A211]\n\tGetHandleVerifier [0x00007FF669BA946D+3301613]\n\tGetHandleVerifier [0x00007FF669BF3693+3605267]\n\tGetHandleVerifier [0x00007FF669BE9410+3563664]\n\tGetHandleVerifier [0x00007FF6699442F6+790390]\n\t(No symbol) [0x00007FF6698174DF]\n\t(No symbol) [0x00007FF6698133D4]\n\t(No symbol) [0x00007FF669813562]\n\t(No symbol) [0x00007FF669802F6F]\n\tBaseThreadInitThunk [0x00007FFEF0B57374+20]\n\tRtlUserThreadStart [0x00007FFEF1F5CC91+33]", "trace": "driver = <selenium.webdriver.chrome.webdriver.WebDriver (session=\"43d2bffae5557b90411441c80fa8f5d8\")>\n\n    @pytest.fixture\n    def login(driver):\n        driver.get(Url.BASE_URL)\n        main_page = MainPage(driver)\n        main_page.disappearance_element_wait()\n        main_page.click_to_button_personal_account()\n        personal_account_page = PersonalAccountPage(driver)\n>       personal_account_page.input_email(email)\n\nconftest.py:24: \n_ _ _ _ _ _ _ _ _ _ _ _ _ _ _ _ _ _ _ _ _ _ _ _ _ _ _ _ _ _ _ _ _ _ _ _ _ _ _ _ _ _ _ _ _ _ _ _ _ _ _ _ _ _ _ _ _ _ _ _ _ _ _ _ _ _ _ _ _ _ _ _ _ _ _ _ _ _ _ _ _ _ _ _ _ _ _ _ _ _ _ _ _ _ _ _\npages\\personal_account_page.py:15: in input_email\n    self.add_text_to_element(PersonalAccountLocators.FIELD_EMAIL, email)\npages\\base_page.py:27: in add_text_to_element\n    self.find_element_with_wait(locator).send_keys(text)\npages\\base_page.py:15: in find_element_with_wait\n    return WebDriverWait(self.driver, 20).until(expected_conditions.visibility_of_element_located(locator))\n_ _ _ _ _ _ _ _ _ _ _ _ _ _ _ _ _ _ _ _ _ _ _ _ _ _ _ _ _ _ _ _ _ _ _ _ _ _ _ _ _ _ _ _ _ _ _ _ _ _ _ _ _ _ _ _ _ _ _ _ _ _ _ _ _ _ _ _ _ _ _ _ _ _ _ _ _ _ _ _ _ _ _ _ _ _ _ _ _ _ _ _ _ _ _ _\n\nself = <selenium.webdriver.support.wait.WebDriverWait (session=\"43d2bffae5557b90411441c80fa8f5d8\")>, method = <function visibility_of_element_located.<locals>._predicate at 0x00000205B0A39580>\nmessage = ''\n\n    def until(self, method: Callable[[D], Union[Literal[False], T]], message: str = \"\") -> T:\n        \"\"\"Calls the method provided with the driver as an argument until the \\\n        return value does not evaluate to ``False``.\n    \n        :param method: callable(WebDriver)\n        :param message: optional message for :exc:`TimeoutException`\n        :returns: the result of the last call to `method`\n        :raises: :exc:`selenium.common.exceptions.TimeoutException` if timeout occurs\n        \"\"\"\n        screen = None\n        stacktrace = None\n    \n        end_time = time.monotonic() + self._timeout\n        while True:\n            try:\n                value = method(self._driver)\n                if value:\n                    return value\n            except self._ignored_exceptions as exc:\n                screen = getattr(exc, \"screen\", None)\n                stacktrace = getattr(exc, \"stacktrace\", None)\n            time.sleep(self._poll)\n            if time.monotonic() > end_time:\n                break\n>       raise TimeoutException(message, screen, stacktrace)\nE       selenium.common.exceptions.TimeoutException: Message: \nE       Stacktrace:\nE       \tGetHandleVerifier [0x00007FF669891F22+60322]\nE       \t(No symbol) [0x00007FF66980CE99]\nE       \t(No symbol) [0x00007FF6696C7EBA]\nE       \t(No symbol) [0x00007FF669717676]\nE       \t(No symbol) [0x00007FF66971773C]\nE       \t(No symbol) [0x00007FF66975E967]\nE       \t(No symbol) [0x00007FF66973C25F]\nE       \t(No symbol) [0x00007FF66975BC80]\nE       \t(No symbol) [0x00007FF66973BFC3]\nE       \t(No symbol) [0x00007FF669709617]\nE       \t(No symbol) [0x00007FF66970A211]\nE       \tGetHandleVerifier [0x00007FF669BA946D+3301613]\nE       \tGetHandleVerifier [0x00007FF669BF3693+3605267]\nE       \tGetHandleVerifier [0x00007FF669BE9410+3563664]\nE       \tGetHandleVerifier [0x00007FF6699442F6+790390]\nE       \t(No symbol) [0x00007FF6698174DF]\nE       \t(No symbol) [0x00007FF6698133D4]\nE       \t(No symbol) [0x00007FF669813562]\nE       \t(No symbol) [0x00007FF669802F6F]\nE       \tBaseThreadInitThunk [0x00007FFEF0B57374+20]\nE       \tRtlUserThreadStart [0x00007FFEF1F5CC91+33]\n\nvenv\\Lib\\site-packages\\selenium\\webdriver\\support\\wait.py:105: TimeoutException"}, "parameters": [{"name": "driver", "value": "'chrome'"}], "start": 1721838254112, "stop": 1721838254112, "uuid": "f81d7eb0-482a-4cf5-9055-cc1e9fef9ac8", "historyId": "b877351df2eb66c71688636a87e44271", "testCaseId": "ecaa64e4f61f1070557ca02f75bc64dd", "fullName": "tests.test_personal_account.TestPersonalAccount#test_logout_account", "labels": [{"name": "parentSuite", "value": "tests"}, {"name": "suite", "value": "test_personal_account"}, {"name": "subSuite", "value": "TestPersonalAccount"}, {"name": "host", "value": "LAPTOP-IIEM2BC4"}, {"name": "thread", "value": "21048-MainThread"}, {"name": "framework", "value": "pytest"}, {"name": "language", "value": "cpython3"}, {"name": "package", "value": "tests.test_personal_account"}]}