{"uuid": "4b4aabce-496a-4420-a1a4-a958ab673e90", "children": ["b64755b3-9928-4859-be17-4ab68f108a31"], "befores": [{"name": "login", "status": "broken", "statusDetails": {"message": "selenium.common.exceptions.TimeoutException: Message: \nStacktrace:\n\tGetHandleVerifier [0x00007FF7899F1F22+60322]\n\t(No symbol) [0x00007FF78996CE99]\n\t(No symbol) [0x00007FF789827EBA]\n\t(No symbol) [0x00007FF789877676]\n\t(No symbol) [0x00007FF78987773C]\n\t(No symbol) [0x00007FF7898BE967]\n\t(No symbol) [0x00007FF78989C25F]\n\t(No symbol) [0x00007FF7898BBC80]\n\t(No symbol) [0x00007FF78989BFC3]\n\t(No symbol) [0x00007FF789869617]\n\t(No symbol) [0x00007FF78986A211]\n\tGetHandleVerifier [0x00007FF789D0946D+3301613]\n\tGetHandleVerifier [0x00007FF789D53693+3605267]\n\tGetHandleVerifier [0x00007FF789D49410+3563664]\n\tGetHandleVerifier [0x00007FF789AA42F6+790390]\n\t(No symbol) [0x00007FF7899774DF]\n\t(No symbol) [0x00007FF7899733D4]\n\t(No symbol) [0x00007FF789973562]\n\t(No symbol) [0x00007FF789962F6F]\n\tBaseThreadInitThunk [0x00007FFEF0B57374+20]\n\tRtlUserThreadStart [0x00007FFEF1F5CC91+33]\n\n", "trace": "  File \"C:\\Users\\mvideo\\PycharmProjects\\Diplom\\Diplom_3\\venv\\Lib\\site-packages\\pluggy\\_callers.py\", line 167, in _multicall\n    teardown.throw(outcome._exception)\n  File \"C:\\Users\\mvideo\\PycharmProjects\\Diplom\\Diplom_3\\venv\\Lib\\site-packages\\_pytest\\setuponly.py\", line 36, in pytest_fixture_setup\n    return (yield)\n            ^^^^^\n  File \"C:\\Users\\mvideo\\PycharmProjects\\Diplom\\Diplom_3\\venv\\Lib\\site-packages\\pluggy\\_callers.py\", line 103, in _multicall\n    res = hook_impl.function(*args)\n          ^^^^^^^^^^^^^^^^^^^^^^^^^\n  File \"C:\\Users\\mvideo\\PycharmProjects\\Diplom\\Diplom_3\\venv\\Lib\\site-packages\\_pytest\\fixtures.py\", line 1139, in pytest_fixture_setup\n    result = call_fixture_func(fixturefunc, request, kwargs)\n             ^^^^^^^^^^^^^^^^^^^^^^^^^^^^^^^^^^^^^^^^^^^^^^^\n  File \"C:\\Users\\mvideo\\PycharmProjects\\Diplom\\Diplom_3\\venv\\Lib\\site-packages\\_pytest\\fixtures.py\", line 897, in call_fixture_func\n    fixture_result = fixturefunc(**kwargs)\n                     ^^^^^^^^^^^^^^^^^^^^^\n  File \"C:\\Users\\mvideo\\PycharmProjects\\Diplom\\Diplom_3\\conftest.py\", line 23, in login\n    personal_account_page.input_email(email)\n  File \"C:\\Users\\mvideo\\PycharmProjects\\Diplom\\Diplom_3\\venv\\Lib\\site-packages\\allure_commons\\_allure.py\", line 192, in impl\n    return func(*a, **kw)\n           ^^^^^^^^^^^^^^\n  File \"C:\\Users\\mvideo\\PycharmProjects\\Diplom\\Diplom_3\\pages\\personal_account_page.py\", line 15, in input_email\n    self.add_text_to_element(PersonalAccountLocators.FIELD_EMAIL, email)\n  File \"C:\\Users\\mvideo\\PycharmProjects\\Diplom\\Diplom_3\\pages\\base_page.py\", line 27, in add_text_to_element\n    self.find_element_with_wait(locator).send_keys(text)\n    ^^^^^^^^^^^^^^^^^^^^^^^^^^^^^^^^^^^^\n  File \"C:\\Users\\mvideo\\PycharmProjects\\Diplom\\Diplom_3\\pages\\base_page.py\", line 15, in find_element_with_wait\n    return WebDriverWait(self.driver, 10).until(expected_conditions.visibility_of_element_located(locator))\n           ^^^^^^^^^^^^^^^^^^^^^^^^^^^^^^^^^^^^^^^^^^^^^^^^^^^^^^^^^^^^^^^^^^^^^^^^^^^^^^^^^^^^^^^^^^^^^^^^\n  File \"C:\\Users\\mvideo\\PycharmProjects\\Diplom\\Diplom_3\\venv\\Lib\\site-packages\\selenium\\webdriver\\support\\wait.py\", line 105, in until\n    raise TimeoutException(message, screen, stacktrace)\n"}, "steps": [{"name": "Нажать на кнопку \"Личный кабинет\"", "status": "passed", "start": 1721842350077, "stop": 1721842350578}, {"name": "Ввести почту", "status": "broken", "statusDetails": {"message": "selenium.common.exceptions.TimeoutException: Message: \nStacktrace:\n\tGetHandleVerifier [0x00007FF7899F1F22+60322]\n\t(No symbol) [0x00007FF78996CE99]\n\t(No symbol) [0x00007FF789827EBA]\n\t(No symbol) [0x00007FF789877676]\n\t(No symbol) [0x00007FF78987773C]\n\t(No symbol) [0x00007FF7898BE967]\n\t(No symbol) [0x00007FF78989C25F]\n\t(No symbol) [0x00007FF7898BBC80]\n\t(No symbol) [0x00007FF78989BFC3]\n\t(No symbol) [0x00007FF789869617]\n\t(No symbol) [0x00007FF78986A211]\n\tGetHandleVerifier [0x00007FF789D0946D+3301613]\n\tGetHandleVerifier [0x00007FF789D53693+3605267]\n\tGetHandleVerifier [0x00007FF789D49410+3563664]\n\tGetHandleVerifier [0x00007FF789AA42F6+790390]\n\t(No symbol) [0x00007FF7899774DF]\n\t(No symbol) [0x00007FF7899733D4]\n\t(No symbol) [0x00007FF789973562]\n\t(No symbol) [0x00007FF789962F6F]\n\tBaseThreadInitThunk [0x00007FFEF0B57374+20]\n\tRtlUserThreadStart [0x00007FFEF1F5CC91+33]\n\n", "trace": "  File \"C:\\Users\\mvideo\\PycharmProjects\\Diplom\\Diplom_3\\venv\\Lib\\site-packages\\allure_commons\\_allure.py\", line 192, in impl\n    return func(*a, **kw)\n           ^^^^^^^^^^^^^^\n  File \"C:\\Users\\mvideo\\PycharmProjects\\Diplom\\Diplom_3\\pages\\personal_account_page.py\", line 15, in input_email\n    self.add_text_to_element(PersonalAccountLocators.FIELD_EMAIL, email)\n  File \"C:\\Users\\mvideo\\PycharmProjects\\Diplom\\Diplom_3\\pages\\base_page.py\", line 27, in add_text_to_element\n    self.find_element_with_wait(locator).send_keys(text)\n    ^^^^^^^^^^^^^^^^^^^^^^^^^^^^^^^^^^^^\n  File \"C:\\Users\\mvideo\\PycharmProjects\\Diplom\\Diplom_3\\pages\\base_page.py\", line 15, in find_element_with_wait\n    return WebDriverWait(self.driver, 10).until(expected_conditions.visibility_of_element_located(locator))\n           ^^^^^^^^^^^^^^^^^^^^^^^^^^^^^^^^^^^^^^^^^^^^^^^^^^^^^^^^^^^^^^^^^^^^^^^^^^^^^^^^^^^^^^^^^^^^^^^^\n  File \"C:\\Users\\mvideo\\PycharmProjects\\Diplom\\Diplom_3\\venv\\Lib\\site-packages\\selenium\\webdriver\\support\\wait.py\", line 105, in until\n    raise TimeoutException(message, screen, stacktrace)\n"}, "parameters": [{"name": "email", "value": "'zho1goleva_6811823@ya.ru'"}], "start": 1721842350578, "stop": 1721842360947}], "start": 1721842349507, "stop": 1721842360951}], "start": 1721842349507, "stop": 1721842361068}