{"name": "При создании нового заказа счётчик \"Выполнено за всё время\" увеличивается", "status": "broken", "statusDetails": {"message": "selenium.common.exceptions.TimeoutException: Message: \nStacktrace:\n\tGetHandleVerifier [0x00007FF753C69632+30946]\n\t(No symbol) [0x00007FF753C1E3C9]\n\t(No symbol) [0x00007FF753B16FDA]\n\t(No symbol) [0x00007FF753B6822C]\n\t(No symbol) [0x00007FF753B6850C]\n\t(No symbol) [0x00007FF753BADCB7]\n\t(No symbol) [0x00007FF753B8CAAF]\n\t(No symbol) [0x00007FF753BAB041]\n\t(No symbol) [0x00007FF753B8C813]\n\t(No symbol) [0x00007FF753B5A6E5]\n\t(No symbol) [0x00007FF753B5B021]\n\tGetHandleVerifier [0x00007FF753D9F83D+1301229]\n\tGetHandleVerifier [0x00007FF753DABDB7+1351783]\n\tGetHandleVerifier [0x00007FF753DA2A03+1313971]\n\tGetHandleVerifier [0x00007FF753C9DD06+245686]\n\t(No symbol) [0x00007FF753C2758F]\n\t(No symbol) [0x00007FF753C23804]\n\t(No symbol) [0x00007FF753C23992]\n\t(No symbol) [0x00007FF753C1A3EF]\n\tBaseThreadInitThunk [0x00007FFEF0B57374+20]\n\tRtlUserThreadStart [0x00007FFEF1F5CC91+33]", "trace": "self = <tests.test_order_feed.TestOrderFeed object at 0x000001F2607EF920>, login = <selenium.webdriver.chrome.webdriver.WebDriver (session=\"1013fd123116bc0bcdada4ab6e6e6a0e\")>\ndriver = <selenium.webdriver.chrome.webdriver.WebDriver (session=\"1013fd123116bc0bcdada4ab6e6e6a0e\")>\n\n    @allure.title('При создании нового заказа счётчик \"Выполнено за всё время\" увеличивается')\n    def test_counter_all_time_increases(self, login, driver):\n        driver = login\n        main_page = MainPage(driver)\n        order_page = OrderPage(driver)\n        main_page.click_to_button_order_history()\n        counter_all_time = order_page.get_all_time_orders()\n        personal_account_page = PersonalAccountPage(driver)\n>       personal_account_page.click_to_button_history_order()\n\ntests\\test_order_feed.py:42: \n_ _ _ _ _ _ _ _ _ _ _ _ _ _ _ _ _ _ _ _ _ _ _ _ _ _ _ _ _ _ _ _ _ _ _ _ _ _ _ _ _ _ _ _ _ _ _ _ _ _ _ _ _ _ _ _ _ _ _ _ _ _ _ _ _ _ _ _ _ _ _ _ _ _ _ _ _ _ _ _ _ _ _ _ _ _ _ _ _ _ _ _ _ _ _ _\npages\\personal_account_page.py:29: in click_to_button_history_order\n    self.find_element_with_wait(PersonalAccountLocators.BUTTON_HISTORY_ORDER, wait_time=10)\npages\\base_page.py:15: in find_element_with_wait\n    return WebDriverWait(self.driver, wait_time).until(expected_conditions.visibility_of_element_located(locator))\n_ _ _ _ _ _ _ _ _ _ _ _ _ _ _ _ _ _ _ _ _ _ _ _ _ _ _ _ _ _ _ _ _ _ _ _ _ _ _ _ _ _ _ _ _ _ _ _ _ _ _ _ _ _ _ _ _ _ _ _ _ _ _ _ _ _ _ _ _ _ _ _ _ _ _ _ _ _ _ _ _ _ _ _ _ _ _ _ _ _ _ _ _ _ _ _\n\nself = <selenium.webdriver.support.wait.WebDriverWait (session=\"1013fd123116bc0bcdada4ab6e6e6a0e\")>, method = <function visibility_of_element_located.<locals>._predicate at 0x000001F260925940>\nmessage = ''\n\n    def until(self, method: Callable[[D], Union[Literal[False], T]], message: str = \"\") -> T:\n        \"\"\"Calls the method provided with the driver as an argument until the \\\n        return value does not evaluate to ``False``.\n    \n        :param method: callable(WebDriver)\n        :param message: optional message for :exc:`TimeoutException`\n        :returns: the result of the last call to `method`\n        :raises: :exc:`selenium.common.exceptions.TimeoutException` if timeout occurs\n        \"\"\"\n        screen = None\n        stacktrace = None\n    \n        end_time = time.monotonic() + self._timeout\n        while True:\n            try:\n                value = method(self._driver)\n                if value:\n                    return value\n            except self._ignored_exceptions as exc:\n                screen = getattr(exc, \"screen\", None)\n                stacktrace = getattr(exc, \"stacktrace\", None)\n            time.sleep(self._poll)\n            if time.monotonic() > end_time:\n                break\n>       raise TimeoutException(message, screen, stacktrace)\nE       selenium.common.exceptions.TimeoutException: Message: \nE       Stacktrace:\nE       \tGetHandleVerifier [0x00007FF753C69632+30946]\nE       \t(No symbol) [0x00007FF753C1E3C9]\nE       \t(No symbol) [0x00007FF753B16FDA]\nE       \t(No symbol) [0x00007FF753B6822C]\nE       \t(No symbol) [0x00007FF753B6850C]\nE       \t(No symbol) [0x00007FF753BADCB7]\nE       \t(No symbol) [0x00007FF753B8CAAF]\nE       \t(No symbol) [0x00007FF753BAB041]\nE       \t(No symbol) [0x00007FF753B8C813]\nE       \t(No symbol) [0x00007FF753B5A6E5]\nE       \t(No symbol) [0x00007FF753B5B021]\nE       \tGetHandleVerifier [0x00007FF753D9F83D+1301229]\nE       \tGetHandleVerifier [0x00007FF753DABDB7+1351783]\nE       \tGetHandleVerifier [0x00007FF753DA2A03+1313971]\nE       \tGetHandleVerifier [0x00007FF753C9DD06+245686]\nE       \t(No symbol) [0x00007FF753C2758F]\nE       \t(No symbol) [0x00007FF753C23804]\nE       \t(No symbol) [0x00007FF753C23992]\nE       \t(No symbol) [0x00007FF753C1A3EF]\nE       \tBaseThreadInitThunk [0x00007FFEF0B57374+20]\nE       \tRtlUserThreadStart [0x00007FFEF1F5CC91+33]\n\nvenv\\Lib\\site-packages\\selenium\\webdriver\\support\\wait.py:105: TimeoutException"}, "steps": [{"name": "Нажать на кнопку \"Лента заказов\"", "status": "passed", "start": 1722009183901, "stop": 1722009185272}, {"name": "Получить количество выполненных заказов за всё время", "status": "passed", "start": 1722009185272, "stop": 1722009186021}, {"name": "Нажать на кнопку \"История заказов\"", "status": "broken", "statusDetails": {"message": "selenium.common.exceptions.TimeoutException: Message: \nStacktrace:\n\tGetHandleVerifier [0x00007FF753C69632+30946]\n\t(No symbol) [0x00007FF753C1E3C9]\n\t(No symbol) [0x00007FF753B16FDA]\n\t(No symbol) [0x00007FF753B6822C]\n\t(No symbol) [0x00007FF753B6850C]\n\t(No symbol) [0x00007FF753BADCB7]\n\t(No symbol) [0x00007FF753B8CAAF]\n\t(No symbol) [0x00007FF753BAB041]\n\t(No symbol) [0x00007FF753B8C813]\n\t(No symbol) [0x00007FF753B5A6E5]\n\t(No symbol) [0x00007FF753B5B021]\n\tGetHandleVerifier [0x00007FF753D9F83D+1301229]\n\tGetHandleVerifier [0x00007FF753DABDB7+1351783]\n\tGetHandleVerifier [0x00007FF753DA2A03+1313971]\n\tGetHandleVerifier [0x00007FF753C9DD06+245686]\n\t(No symbol) [0x00007FF753C2758F]\n\t(No symbol) [0x00007FF753C23804]\n\t(No symbol) [0x00007FF753C23992]\n\t(No symbol) [0x00007FF753C1A3EF]\n\tBaseThreadInitThunk [0x00007FFEF0B57374+20]\n\tRtlUserThreadStart [0x00007FFEF1F5CC91+33]\n\n", "trace": "  File \"C:\\Users\\mvideo\\PycharmProjects\\Diplom\\Diplom_3\\venv\\Lib\\site-packages\\allure_commons\\_allure.py\", line 192, in impl\n    return func(*a, **kw)\n           ^^^^^^^^^^^^^^\n  File \"C:\\Users\\mvideo\\PycharmProjects\\Diplom\\Diplom_3\\pages\\personal_account_page.py\", line 29, in click_to_button_history_order\n    self.find_element_with_wait(PersonalAccountLocators.BUTTON_HISTORY_ORDER, wait_time=10)\n  File \"C:\\Users\\mvideo\\PycharmProjects\\Diplom\\Diplom_3\\pages\\base_page.py\", line 15, in find_element_with_wait\n    return WebDriverWait(self.driver, wait_time).until(expected_conditions.visibility_of_element_located(locator))\n           ^^^^^^^^^^^^^^^^^^^^^^^^^^^^^^^^^^^^^^^^^^^^^^^^^^^^^^^^^^^^^^^^^^^^^^^^^^^^^^^^^^^^^^^^^^^^^^^^^^^^^^^\n  File \"C:\\Users\\mvideo\\PycharmProjects\\Diplom\\Diplom_3\\venv\\Lib\\site-packages\\selenium\\webdriver\\support\\wait.py\", line 105, in until\n    raise TimeoutException(message, screen, stacktrace)\n"}, "start": 1722009186022, "stop": 1722009196056}], "parameters": [{"name": "driver", "value": "'chrome'"}], "start": 1722009183900, "stop": 1722009196067, "uuid": "e20798bb-b057-4d39-95a3-9e0af505ea12", "historyId": "ebaa5c27f0955a5070454df8b520557c", "testCaseId": "4fb23db3557005945658846978ab67e2", "fullName": "tests.test_order_feed.TestOrderFeed#test_counter_all_time_increases", "labels": [{"name": "parentSuite", "value": "tests"}, {"name": "suite", "value": "test_order_feed"}, {"name": "subSuite", "value": "TestOrderFeed"}, {"name": "host", "value": "LAPTOP-IIEM2BC4"}, {"name": "thread", "value": "21668-MainThread"}, {"name": "framework", "value": "pytest"}, {"name": "language", "value": "cpython3"}, {"name": "package", "value": "tests.test_order_feed"}]}