{"name": "При создании нового заказа счётчик Выполнено за сегодня увеличивается", "status": "broken", "statusDetails": {"message": "selenium.common.exceptions.TimeoutException: Message: \nStacktrace:\n\tGetHandleVerifier [0x00007FF60FEF9632+30946]\n\t(No symbol) [0x00007FF60FEAE3C9]\n\t(No symbol) [0x00007FF60FDA6FDA]\n\t(No symbol) [0x00007FF60FDF822C]\n\t(No symbol) [0x00007FF60FDF850C]\n\t(No symbol) [0x00007FF60FE3DCB7]\n\t(No symbol) [0x00007FF60FE1CAAF]\n\t(No symbol) [0x00007FF60FE3B041]\n\t(No symbol) [0x00007FF60FE1C813]\n\t(No symbol) [0x00007FF60FDEA6E5]\n\t(No symbol) [0x00007FF60FDEB021]\n\tGetHandleVerifier [0x00007FF61002F83D+1301229]\n\tGetHandleVerifier [0x00007FF61003BDB7+1351783]\n\tGetHandleVerifier [0x00007FF610032A03+1313971]\n\tGetHandleVerifier [0x00007FF60FF2DD06+245686]\n\t(No symbol) [0x00007FF60FEB758F]\n\t(No symbol) [0x00007FF60FEB3804]\n\t(No symbol) [0x00007FF60FEB3992]\n\t(No symbol) [0x00007FF60FEAA3EF]\n\tBaseThreadInitThunk [0x00007FFEF0B57374+20]\n\tRtlUserThreadStart [0x00007FFEF1F5CC91+33]", "trace": "self = <tests.test_order_feed.TestOrderFeed object at 0x000002A058DBFF20>, login = <selenium.webdriver.chrome.webdriver.WebDriver (session=\"8f74656bc358dc9abe4ca94a7a8aaee3\")>\ndriver = <selenium.webdriver.chrome.webdriver.WebDriver (session=\"8f74656bc358dc9abe4ca94a7a8aaee3\")>, main_page = <pages.main_page.MainPage object at 0x000002A0593CE450>\norder_page = <pages.order_page.OrderPage object at 0x000002A0593CD3A0>\n\n    @allure.title('При создании нового заказа счётчик Выполнено за сегодня увеличивается')\n    def test_counter_for_today_increases(self, login, driver, main_page, order_page):\n        driver = login\n        main_page.click_to_button_order_history()\n>       counter_for_today = order_page.get_for_today_orders()\n\ntests\\test_order_feed.py:42: \n_ _ _ _ _ _ _ _ _ _ _ _ _ _ _ _ _ _ _ _ _ _ _ _ _ _ _ _ _ _ _ _ _ _ _ _ _ _ _ _ _ _ _ _ _ _ _ _ _ _ _ _ _ _ _ _ _ _ _ _ _ _ _ _ _ _ _ _ _ _ _ _ _ _ _ _ _ _ _ _ _ _ _ _ _ _ _ _ _ _ _ _ _ _ _ _\npages\\order_page.py:86: in get_for_today_orders\n    return self.get_text_from_element(OrderLocators.ORDER_FOR_TODAY)\npages\\base_page.py:31: in get_text_from_element\n    return self.find_element_with_wait(locator).text\npages\\base_page.py:15: in find_element_with_wait\n    return WebDriverWait(self.driver, wait_time).until(expected_conditions.visibility_of_element_located(locator))\n_ _ _ _ _ _ _ _ _ _ _ _ _ _ _ _ _ _ _ _ _ _ _ _ _ _ _ _ _ _ _ _ _ _ _ _ _ _ _ _ _ _ _ _ _ _ _ _ _ _ _ _ _ _ _ _ _ _ _ _ _ _ _ _ _ _ _ _ _ _ _ _ _ _ _ _ _ _ _ _ _ _ _ _ _ _ _ _ _ _ _ _ _ _ _ _\n\nself = <selenium.webdriver.support.wait.WebDriverWait (session=\"8f74656bc358dc9abe4ca94a7a8aaee3\")>, method = <function visibility_of_element_located.<locals>._predicate at 0x000002A059317880>\nmessage = ''\n\n    def until(self, method: Callable[[D], Union[Literal[False], T]], message: str = \"\") -> T:\n        \"\"\"Calls the method provided with the driver as an argument until the \\\n        return value does not evaluate to ``False``.\n    \n        :param method: callable(WebDriver)\n        :param message: optional message for :exc:`TimeoutException`\n        :returns: the result of the last call to `method`\n        :raises: :exc:`selenium.common.exceptions.TimeoutException` if timeout occurs\n        \"\"\"\n        screen = None\n        stacktrace = None\n    \n        end_time = time.monotonic() + self._timeout\n        while True:\n            try:\n                value = method(self._driver)\n                if value:\n                    return value\n            except self._ignored_exceptions as exc:\n                screen = getattr(exc, \"screen\", None)\n                stacktrace = getattr(exc, \"stacktrace\", None)\n            time.sleep(self._poll)\n            if time.monotonic() > end_time:\n                break\n>       raise TimeoutException(message, screen, stacktrace)\nE       selenium.common.exceptions.TimeoutException: Message: \nE       Stacktrace:\nE       \tGetHandleVerifier [0x00007FF60FEF9632+30946]\nE       \t(No symbol) [0x00007FF60FEAE3C9]\nE       \t(No symbol) [0x00007FF60FDA6FDA]\nE       \t(No symbol) [0x00007FF60FDF822C]\nE       \t(No symbol) [0x00007FF60FDF850C]\nE       \t(No symbol) [0x00007FF60FE3DCB7]\nE       \t(No symbol) [0x00007FF60FE1CAAF]\nE       \t(No symbol) [0x00007FF60FE3B041]\nE       \t(No symbol) [0x00007FF60FE1C813]\nE       \t(No symbol) [0x00007FF60FDEA6E5]\nE       \t(No symbol) [0x00007FF60FDEB021]\nE       \tGetHandleVerifier [0x00007FF61002F83D+1301229]\nE       \tGetHandleVerifier [0x00007FF61003BDB7+1351783]\nE       \tGetHandleVerifier [0x00007FF610032A03+1313971]\nE       \tGetHandleVerifier [0x00007FF60FF2DD06+245686]\nE       \t(No symbol) [0x00007FF60FEB758F]\nE       \t(No symbol) [0x00007FF60FEB3804]\nE       \t(No symbol) [0x00007FF60FEB3992]\nE       \t(No symbol) [0x00007FF60FEAA3EF]\nE       \tBaseThreadInitThunk [0x00007FFEF0B57374+20]\nE       \tRtlUserThreadStart [0x00007FFEF1F5CC91+33]\n\nvenv\\Lib\\site-packages\\selenium\\webdriver\\support\\wait.py:105: TimeoutException"}, "steps": [{"name": "Нажать на кнопку \"Лента заказов\"", "status": "passed", "start": 1722064621976, "stop": 1722064622404}, {"name": "Получить количество выполненных заказов за сегодня", "status": "broken", "statusDetails": {"message": "selenium.common.exceptions.TimeoutException: Message: \nStacktrace:\n\tGetHandleVerifier [0x00007FF60FEF9632+30946]\n\t(No symbol) [0x00007FF60FEAE3C9]\n\t(No symbol) [0x00007FF60FDA6FDA]\n\t(No symbol) [0x00007FF60FDF822C]\n\t(No symbol) [0x00007FF60FDF850C]\n\t(No symbol) [0x00007FF60FE3DCB7]\n\t(No symbol) [0x00007FF60FE1CAAF]\n\t(No symbol) [0x00007FF60FE3B041]\n\t(No symbol) [0x00007FF60FE1C813]\n\t(No symbol) [0x00007FF60FDEA6E5]\n\t(No symbol) [0x00007FF60FDEB021]\n\tGetHandleVerifier [0x00007FF61002F83D+1301229]\n\tGetHandleVerifier [0x00007FF61003BDB7+1351783]\n\tGetHandleVerifier [0x00007FF610032A03+1313971]\n\tGetHandleVerifier [0x00007FF60FF2DD06+245686]\n\t(No symbol) [0x00007FF60FEB758F]\n\t(No symbol) [0x00007FF60FEB3804]\n\t(No symbol) [0x00007FF60FEB3992]\n\t(No symbol) [0x00007FF60FEAA3EF]\n\tBaseThreadInitThunk [0x00007FFEF0B57374+20]\n\tRtlUserThreadStart [0x00007FFEF1F5CC91+33]\n\n", "trace": "  File \"C:\\Users\\mvideo\\PycharmProjects\\Diplom\\Diplom_3\\venv\\Lib\\site-packages\\allure_commons\\_allure.py\", line 192, in impl\n    return func(*a, **kw)\n           ^^^^^^^^^^^^^^\n  File \"C:\\Users\\mvideo\\PycharmProjects\\Diplom\\Diplom_3\\pages\\order_page.py\", line 86, in get_for_today_orders\n    return self.get_text_from_element(OrderLocators.ORDER_FOR_TODAY)\n           ^^^^^^^^^^^^^^^^^^^^^^^^^^^^^^^^^^^^^^^^^^^^^^^^^^^^^^^^^\n  File \"C:\\Users\\mvideo\\PycharmProjects\\Diplom\\Diplom_3\\pages\\base_page.py\", line 31, in get_text_from_element\n    return self.find_element_with_wait(locator).text\n           ^^^^^^^^^^^^^^^^^^^^^^^^^^^^^^^^^^^^\n  File \"C:\\Users\\mvideo\\PycharmProjects\\Diplom\\Diplom_3\\pages\\base_page.py\", line 15, in find_element_with_wait\n    return WebDriverWait(self.driver, wait_time).until(expected_conditions.visibility_of_element_located(locator))\n           ^^^^^^^^^^^^^^^^^^^^^^^^^^^^^^^^^^^^^^^^^^^^^^^^^^^^^^^^^^^^^^^^^^^^^^^^^^^^^^^^^^^^^^^^^^^^^^^^^^^^^^^\n  File \"C:\\Users\\mvideo\\PycharmProjects\\Diplom\\Diplom_3\\venv\\Lib\\site-packages\\selenium\\webdriver\\support\\wait.py\", line 105, in until\n    raise TimeoutException(message, screen, stacktrace)\n"}, "start": 1722064622405, "stop": 1722064642704}], "parameters": [{"name": "driver", "value": "'chrome'"}], "start": 1722064621975, "stop": 1722064642713, "uuid": "b5386a9e-35f2-4daa-a266-9f6938b4f05e", "historyId": "30a69e60363a4c582b61de2fe6683daf", "testCaseId": "d17aeffa3620b013aa9a9f919b5ffbdd", "fullName": "tests.test_order_feed.TestOrderFeed#test_counter_for_today_increases", "labels": [{"name": "parentSuite", "value": "tests"}, {"name": "suite", "value": "test_order_feed"}, {"name": "subSuite", "value": "TestOrderFeed"}, {"name": "host", "value": "LAPTOP-IIEM2BC4"}, {"name": "thread", "value": "27024-MainThread"}, {"name": "framework", "value": "pytest"}, {"name": "language", "value": "cpython3"}, {"name": "package", "value": "tests.test_order_feed"}]}