{"name": "Выход из аккаунта", "status": "broken", "statusDetails": {"message": "selenium.common.exceptions.TimeoutException: Message: \nStacktrace:\n\tGetHandleVerifier [0x00007FF6C4481F22+60322]\n\t(No symbol) [0x00007FF6C43FCE99]\n\t(No symbol) [0x00007FF6C42B7EBA]\n\t(No symbol) [0x00007FF6C4307676]\n\t(No symbol) [0x00007FF6C430773C]\n\t(No symbol) [0x00007FF6C434E967]\n\t(No symbol) [0x00007FF6C432C25F]\n\t(No symbol) [0x00007FF6C434BC80]\n\t(No symbol) [0x00007FF6C432BFC3]\n\t(No symbol) [0x00007FF6C42F9617]\n\t(No symbol) [0x00007FF6C42FA211]\n\tGetHandleVerifier [0x00007FF6C479946D+3301613]\n\tGetHandleVerifier [0x00007FF6C47E3693+3605267]\n\tGetHandleVerifier [0x00007FF6C47D9410+3563664]\n\tGetHandleVerifier [0x00007FF6C45342F6+790390]\n\t(No symbol) [0x00007FF6C44074DF]\n\t(No symbol) [0x00007FF6C44033D4]\n\t(No symbol) [0x00007FF6C4403562]\n\t(No symbol) [0x00007FF6C43F2F6F]\n\tBaseThreadInitThunk [0x00007FFEF0B57374+20]\n\tRtlUserThreadStart [0x00007FFEF1F5CC91+33]", "trace": "driver = <selenium.webdriver.chrome.webdriver.WebDriver (session=\"04c4417793241c809e9c412815b6cd69\")>\n\n    @pytest.fixture\n    def login(driver):\n        driver.get(Url.BASE_URL)\n        main_page = MainPage(driver)\n        main_page.click_to_button_personal_account()\n        personal_account_page = PersonalAccountPage(driver)\n>       personal_account_page.input_email(email)\n\nconftest.py:23: \n_ _ _ _ _ _ _ _ _ _ _ _ _ _ _ _ _ _ _ _ _ _ _ _ _ _ _ _ _ _ _ _ _ _ _ _ _ _ _ _ _ _ _ _ _ _ _ _ _ _ _ _ _ _ _ _ _ _ _ _ _ _ _ _ _ _ _ _ _ _ _ _ _ _ _ _ _ _ _ _ _ _ _ _ _ _ _ _ _ _ _ _ _ _ _ _\npages\\personal_account_page.py:15: in input_email\n    self.add_text_to_element(PersonalAccountLocators.FIELD_EMAIL, email)\npages\\base_page.py:27: in add_text_to_element\n    self.find_element_with_wait(locator).send_keys(text)\npages\\base_page.py:15: in find_element_with_wait\n    return WebDriverWait(self.driver, 10).until(expected_conditions.visibility_of_element_located(locator))\n_ _ _ _ _ _ _ _ _ _ _ _ _ _ _ _ _ _ _ _ _ _ _ _ _ _ _ _ _ _ _ _ _ _ _ _ _ _ _ _ _ _ _ _ _ _ _ _ _ _ _ _ _ _ _ _ _ _ _ _ _ _ _ _ _ _ _ _ _ _ _ _ _ _ _ _ _ _ _ _ _ _ _ _ _ _ _ _ _ _ _ _ _ _ _ _\n\nself = <selenium.webdriver.support.wait.WebDriverWait (session=\"04c4417793241c809e9c412815b6cd69\")>, method = <function visibility_of_element_located.<locals>._predicate at 0x0000018F3DB29EE0>\nmessage = ''\n\n    def until(self, method: Callable[[D], Union[Literal[False], T]], message: str = \"\") -> T:\n        \"\"\"Calls the method provided with the driver as an argument until the \\\n        return value does not evaluate to ``False``.\n    \n        :param method: callable(WebDriver)\n        :param message: optional message for :exc:`TimeoutException`\n        :returns: the result of the last call to `method`\n        :raises: :exc:`selenium.common.exceptions.TimeoutException` if timeout occurs\n        \"\"\"\n        screen = None\n        stacktrace = None\n    \n        end_time = time.monotonic() + self._timeout\n        while True:\n            try:\n                value = method(self._driver)\n                if value:\n                    return value\n            except self._ignored_exceptions as exc:\n                screen = getattr(exc, \"screen\", None)\n                stacktrace = getattr(exc, \"stacktrace\", None)\n            time.sleep(self._poll)\n            if time.monotonic() > end_time:\n                break\n>       raise TimeoutException(message, screen, stacktrace)\nE       selenium.common.exceptions.TimeoutException: Message: \nE       Stacktrace:\nE       \tGetHandleVerifier [0x00007FF6C4481F22+60322]\nE       \t(No symbol) [0x00007FF6C43FCE99]\nE       \t(No symbol) [0x00007FF6C42B7EBA]\nE       \t(No symbol) [0x00007FF6C4307676]\nE       \t(No symbol) [0x00007FF6C430773C]\nE       \t(No symbol) [0x00007FF6C434E967]\nE       \t(No symbol) [0x00007FF6C432C25F]\nE       \t(No symbol) [0x00007FF6C434BC80]\nE       \t(No symbol) [0x00007FF6C432BFC3]\nE       \t(No symbol) [0x00007FF6C42F9617]\nE       \t(No symbol) [0x00007FF6C42FA211]\nE       \tGetHandleVerifier [0x00007FF6C479946D+3301613]\nE       \tGetHandleVerifier [0x00007FF6C47E3693+3605267]\nE       \tGetHandleVerifier [0x00007FF6C47D9410+3563664]\nE       \tGetHandleVerifier [0x00007FF6C45342F6+790390]\nE       \t(No symbol) [0x00007FF6C44074DF]\nE       \t(No symbol) [0x00007FF6C44033D4]\nE       \t(No symbol) [0x00007FF6C4403562]\nE       \t(No symbol) [0x00007FF6C43F2F6F]\nE       \tBaseThreadInitThunk [0x00007FFEF0B57374+20]\nE       \tRtlUserThreadStart [0x00007FFEF1F5CC91+33]\n\nvenv\\Lib\\site-packages\\selenium\\webdriver\\support\\wait.py:105: TimeoutException"}, "parameters": [{"name": "driver", "value": "'chrome'"}], "start": 1721847352034, "stop": 1721847352034, "uuid": "dc5f9bd8-c9c7-4f64-9f5c-241a998ca7ff", "historyId": "b877351df2eb66c71688636a87e44271", "testCaseId": "ecaa64e4f61f1070557ca02f75bc64dd", "fullName": "tests.test_personal_account.TestPersonalAccount#test_logout_account", "labels": [{"name": "parentSuite", "value": "tests"}, {"name": "suite", "value": "test_personal_account"}, {"name": "subSuite", "value": "TestPersonalAccount"}, {"name": "host", "value": "LAPTOP-IIEM2BC4"}, {"name": "thread", "value": "2184-MainThread"}, {"name": "framework", "value": "pytest"}, {"name": "language", "value": "cpython3"}, {"name": "package", "value": "tests.test_personal_account"}]}