{"name": "После оформления заказа его номер появляется в разделе \"В работе\"", "status": "broken", "statusDetails": {"message": "selenium.common.exceptions.TimeoutException: Message: \nStacktrace:\n\tGetHandleVerifier [0x00007FF7211C1F22+60322]\n\t(No symbol) [0x00007FF72113CE99]\n\t(No symbol) [0x00007FF720FF7EBA]\n\t(No symbol) [0x00007FF721047676]\n\t(No symbol) [0x00007FF72104773C]\n\t(No symbol) [0x00007FF72108E967]\n\t(No symbol) [0x00007FF72106C25F]\n\t(No symbol) [0x00007FF72108BC80]\n\t(No symbol) [0x00007FF72106BFC3]\n\t(No symbol) [0x00007FF721039617]\n\t(No symbol) [0x00007FF72103A211]\n\tGetHandleVerifier [0x00007FF7214D946D+3301613]\n\tGetHandleVerifier [0x00007FF721523693+3605267]\n\tGetHandleVerifier [0x00007FF721519410+3563664]\n\tGetHandleVerifier [0x00007FF7212742F6+790390]\n\t(No symbol) [0x00007FF7211474DF]\n\t(No symbol) [0x00007FF7211433D4]\n\t(No symbol) [0x00007FF721143562]\n\t(No symbol) [0x00007FF721132F6F]\n\tBaseThreadInitThunk [0x00007FFEF0B57374+20]\n\tRtlUserThreadStart [0x00007FFEF1F5CC91+33]", "trace": "driver = <selenium.webdriver.chrome.webdriver.WebDriver (session=\"87cbc1db54386e6ea2c5a51e04bec1e6\")>\n\n    @pytest.fixture\n    def login(driver):\n        driver.get(Url.BASE_URL)\n        main_page = MainPage(driver)\n        main_page.click_to_button_personal_account()\n        personal_account_page = PersonalAccountPage(driver)\n>       personal_account_page.input_email(email)\n\nconftest.py:23: \n_ _ _ _ _ _ _ _ _ _ _ _ _ _ _ _ _ _ _ _ _ _ _ _ _ _ _ _ _ _ _ _ _ _ _ _ _ _ _ _ _ _ _ _ _ _ _ _ _ _ _ _ _ _ _ _ _ _ _ _ _ _ _ _ _ _ _ _ _ _ _ _ _ _ _ _ _ _ _ _ _ _ _ _ _ _ _ _ _ _ _ _ _ _ _ _\npages\\personal_account_page.py:15: in input_email\n    self.add_text_to_element(PersonalAccountLocators.FIELD_EMAIL, email)\npages\\base_page.py:27: in add_text_to_element\n    self.find_element_with_wait(locator).send_keys(text)\npages\\base_page.py:15: in find_element_with_wait\n    return WebDriverWait(self.driver, 10).until(expected_conditions.visibility_of_element_located(locator))\n_ _ _ _ _ _ _ _ _ _ _ _ _ _ _ _ _ _ _ _ _ _ _ _ _ _ _ _ _ _ _ _ _ _ _ _ _ _ _ _ _ _ _ _ _ _ _ _ _ _ _ _ _ _ _ _ _ _ _ _ _ _ _ _ _ _ _ _ _ _ _ _ _ _ _ _ _ _ _ _ _ _ _ _ _ _ _ _ _ _ _ _ _ _ _ _\n\nself = <selenium.webdriver.support.wait.WebDriverWait (session=\"87cbc1db54386e6ea2c5a51e04bec1e6\")>, method = <function visibility_of_element_located.<locals>._predicate at 0x0000027BD3F6EA20>\nmessage = ''\n\n    def until(self, method: Callable[[D], Union[Literal[False], T]], message: str = \"\") -> T:\n        \"\"\"Calls the method provided with the driver as an argument until the \\\n        return value does not evaluate to ``False``.\n    \n        :param method: callable(WebDriver)\n        :param message: optional message for :exc:`TimeoutException`\n        :returns: the result of the last call to `method`\n        :raises: :exc:`selenium.common.exceptions.TimeoutException` if timeout occurs\n        \"\"\"\n        screen = None\n        stacktrace = None\n    \n        end_time = time.monotonic() + self._timeout\n        while True:\n            try:\n                value = method(self._driver)\n                if value:\n                    return value\n            except self._ignored_exceptions as exc:\n                screen = getattr(exc, \"screen\", None)\n                stacktrace = getattr(exc, \"stacktrace\", None)\n            time.sleep(self._poll)\n            if time.monotonic() > end_time:\n                break\n>       raise TimeoutException(message, screen, stacktrace)\nE       selenium.common.exceptions.TimeoutException: Message: \nE       Stacktrace:\nE       \tGetHandleVerifier [0x00007FF7211C1F22+60322]\nE       \t(No symbol) [0x00007FF72113CE99]\nE       \t(No symbol) [0x00007FF720FF7EBA]\nE       \t(No symbol) [0x00007FF721047676]\nE       \t(No symbol) [0x00007FF72104773C]\nE       \t(No symbol) [0x00007FF72108E967]\nE       \t(No symbol) [0x00007FF72106C25F]\nE       \t(No symbol) [0x00007FF72108BC80]\nE       \t(No symbol) [0x00007FF72106BFC3]\nE       \t(No symbol) [0x00007FF721039617]\nE       \t(No symbol) [0x00007FF72103A211]\nE       \tGetHandleVerifier [0x00007FF7214D946D+3301613]\nE       \tGetHandleVerifier [0x00007FF721523693+3605267]\nE       \tGetHandleVerifier [0x00007FF721519410+3563664]\nE       \tGetHandleVerifier [0x00007FF7212742F6+790390]\nE       \t(No symbol) [0x00007FF7211474DF]\nE       \t(No symbol) [0x00007FF7211433D4]\nE       \t(No symbol) [0x00007FF721143562]\nE       \t(No symbol) [0x00007FF721132F6F]\nE       \tBaseThreadInitThunk [0x00007FFEF0B57374+20]\nE       \tRtlUserThreadStart [0x00007FFEF1F5CC91+33]\n\nvenv\\Lib\\site-packages\\selenium\\webdriver\\support\\wait.py:105: TimeoutException"}, "parameters": [{"name": "driver", "value": "'chrome'"}], "start": 1721922200861, "stop": 1721922200861, "uuid": "83a045a4-24bb-4153-a4b0-87918db6563e", "historyId": "0072f3cb4df7f4e5104485280f092cb1", "testCaseId": "337148dbd396415c20306dfc0e4da13e", "fullName": "tests.test_order_feed.TestOrderFeed#test_order_number_in_work", "labels": [{"name": "parentSuite", "value": "tests"}, {"name": "suite", "value": "test_order_feed"}, {"name": "subSuite", "value": "TestOrderFeed"}, {"name": "host", "value": "LAPTOP-IIEM2BC4"}, {"name": "thread", "value": "13952-MainThread"}, {"name": "framework", "value": "pytest"}, {"name": "language", "value": "cpython3"}, {"name": "package", "value": "tests.test_order_feed"}]}